[2025-10-24 17:29:55] [javac-extractor-20644] Starting extraction for:
                                              sun.java.command=com.semmle.extractor.java.JavaExtractor --jdk-version 25 --javac-args @@@C:\Users\lufin\Documents\Aulas\2526-SI\CS\git\WebGoat\webgoat-database\log\ext\javac.args
                                              user.dir=C:\Users\lufin\Documents\Aulas\2526-SI\CS\git\WebGoat
[2025-10-24 17:29:55] [javac-extractor-20644] Compilation name C:/Users/lufin/Documents/Aulas/2526-SI/CS/git/WebGoat/webgoat-database/trap/java/diagnostics/diagnostic.trap.gz
[2025-10-24 17:29:55] [javac-extractor-20644] Annotation processors enabled, and lombok usage detected in file: C:\Users\lufin\Documents\Aulas\2526-SI\CS\git\WebGoat\src\main\java\org\dummy\insecure\framework\VulnerableTaskHolder.java
[2025-10-24 17:29:55] [javac-extractor-20644] Annotation processors enabled, and lombok usage detected in file: C:\Users\lufin\Documents\Aulas\2526-SI\CS\git\WebGoat\src\main\java\org\owasp\webgoat\container\AsciiDoctorTemplateResolver.java
[2025-10-24 17:29:55] [javac-extractor-20644] Annotation processors enabled, and lombok usage detected in file: C:\Users\lufin\Documents\Aulas\2526-SI\CS\git\WebGoat\src\main\java\org\owasp\webgoat\container\DatabaseConfiguration.java
[2025-10-24 17:29:55] [javac-extractor-20644] Annotation processors enabled, and lombok usage detected in file: C:\Users\lufin\Documents\Aulas\2526-SI\CS\git\WebGoat\src\main\java\org\owasp\webgoat\container\HammerHead.java
[2025-10-24 17:29:55] [javac-extractor-20644] Annotation processors enabled, and lombok usage detected in file: C:\Users\lufin\Documents\Aulas\2526-SI\CS\git\WebGoat\src\main\java\org\owasp\webgoat\container\LessonResourceScanner.java
[2025-10-24 17:29:55] [javac-extractor-20644] Annotation processors enabled, and lombok usage detected in file: C:\Users\lufin\Documents\Aulas\2526-SI\CS\git\WebGoat\src\main\java\org\owasp\webgoat\container\LessonTemplateResolver.java
[2025-10-24 17:29:55] [javac-extractor-20644] Annotation processors enabled, and lombok usage detected in file: C:\Users\lufin\Documents\Aulas\2526-SI\CS\git\WebGoat\src\main\java\org\owasp\webgoat\container\MvcConfiguration.java
[2025-10-24 17:29:55] [javac-extractor-20644] Annotation processors enabled, and lombok usage detected in file: C:\Users\lufin\Documents\Aulas\2526-SI\CS\git\WebGoat\src\main\java\org\owasp\webgoat\container\WebSecurityConfig.java
[2025-10-24 17:29:55] [javac-extractor-20644] Annotation processors enabled, and lombok usage detected in file: C:\Users\lufin\Documents\Aulas\2526-SI\CS\git\WebGoat\src\main\java\org\owasp\webgoat\container\WebWolfRedirect.java
[2025-10-24 17:29:55] [javac-extractor-20644] Annotation processors enabled, and lombok usage detected in file: C:\Users\lufin\Documents\Aulas\2526-SI\CS\git\WebGoat\src\main\java\org\owasp\webgoat\container\assignments\AttackResult.java
[2025-10-24 17:29:55] [javac-extractor-20644] Annotation processors enabled, and lombok usage detected in file: C:\Users\lufin\Documents\Aulas\2526-SI\CS\git\WebGoat\src\main\java\org\owasp\webgoat\container\i18n\Language.java
[2025-10-24 17:29:55] [javac-extractor-20644] Annotation processors enabled, and lombok usage detected in file: C:\Users\lufin\Documents\Aulas\2526-SI\CS\git\WebGoat\src\main\java\org\owasp\webgoat\container\i18n\Messages.java
[2025-10-24 17:29:55] [javac-extractor-20644] Annotation processors enabled, and lombok usage detected in file: C:\Users\lufin\Documents\Aulas\2526-SI\CS\git\WebGoat\src\main\java\org\owasp\webgoat\container\lessons\Assignment.java
[2025-10-24 17:29:55] [javac-extractor-20644] Annotation processors enabled, and lombok usage detected in file: C:\Users\lufin\Documents\Aulas\2526-SI\CS\git\WebGoat\src\main\java\org\owasp\webgoat\container\lessons\Category.java
[2025-10-24 17:29:55] [javac-extractor-20644] Annotation processors enabled, and lombok usage detected in file: C:\Users\lufin\Documents\Aulas\2526-SI\CS\git\WebGoat\src\main\java\org\owasp\webgoat\container\lessons\Lesson.java
[2025-10-24 17:29:55] [javac-extractor-20644] Annotation processors enabled, and lombok usage detected in file: C:\Users\lufin\Documents\Aulas\2526-SI\CS\git\WebGoat\src\main\java\org\owasp\webgoat\container\lessons\LessonInfoModel.java
[2025-10-24 17:29:55] [javac-extractor-20644] Annotation processors enabled, and lombok usage detected in file: C:\Users\lufin\Documents\Aulas\2526-SI\CS\git\WebGoat\src\main\java\org\owasp\webgoat\container\service\EnvironmentService.java
[2025-10-24 17:29:55] [javac-extractor-20644] Annotation processors enabled, and lombok usage detected in file: C:\Users\lufin\Documents\Aulas\2526-SI\CS\git\WebGoat\src\main\java\org\owasp\webgoat\container\service\LabelDebugService.java
[2025-10-24 17:29:55] [javac-extractor-20644] Annotation processors enabled, and lombok usage detected in file: C:\Users\lufin\Documents\Aulas\2526-SI\CS\git\WebGoat\src\main\java\org\owasp\webgoat\container\service\LabelService.java
[2025-10-24 17:29:55] [javac-extractor-20644] Annotation processors enabled, and lombok usage detected in file: C:\Users\lufin\Documents\Aulas\2526-SI\CS\git\WebGoat\src\main\java\org\owasp\webgoat\container\service\LessonInfoService.java
[2025-10-24 17:29:55] [javac-extractor-20644] Annotation processors enabled, and lombok usage detected in file: C:\Users\lufin\Documents\Aulas\2526-SI\CS\git\WebGoat\src\main\java\org\owasp\webgoat\container\service\LessonMenuService.java
[2025-10-24 17:29:55] [javac-extractor-20644] Annotation processors enabled, and lombok usage detected in file: C:\Users\lufin\Documents\Aulas\2526-SI\CS\git\WebGoat\src\main\java\org\owasp\webgoat\container\service\LessonProgressService.java
[2025-10-24 17:29:55] [javac-extractor-20644] Annotation processors enabled, and lombok usage detected in file: C:\Users\lufin\Documents\Aulas\2526-SI\CS\git\WebGoat\src\main\java\org\owasp\webgoat\container\service\RestartLessonService.java
[2025-10-24 17:29:55] [javac-extractor-20644] Annotation processors enabled, and lombok usage detected in file: C:\Users\lufin\Documents\Aulas\2526-SI\CS\git\WebGoat\src\main\java\org\owasp\webgoat\container\service\SessionService.java
[2025-10-24 17:29:55] [javac-extractor-20644] Annotation processors enabled, and lombok usage detected in file: C:\Users\lufin\Documents\Aulas\2526-SI\CS\git\WebGoat\src\main\java\org\owasp\webgoat\container\session\Course.java
[2025-10-24 17:29:55] [javac-extractor-20644] Annotation processors enabled, and lombok usage detected in file: C:\Users\lufin\Documents\Aulas\2526-SI\CS\git\WebGoat\src\main\java\org\owasp\webgoat\container\users\AssignmentProgress.java
[2025-10-24 17:29:55] [javac-extractor-20644] Annotation processors enabled, and lombok usage detected in file: C:\Users\lufin\Documents\Aulas\2526-SI\CS\git\WebGoat\src\main\java\org\owasp\webgoat\container\users\LessonProgress.java
[2025-10-24 17:29:55] [javac-extractor-20644] Annotation processors enabled, and lombok usage detected in file: C:\Users\lufin\Documents\Aulas\2526-SI\CS\git\WebGoat\src\main\java\org\owasp\webgoat\container\users\RegistrationController.java
[2025-10-24 17:29:55] [javac-extractor-20644] Annotation processors enabled, and lombok usage detected in file: C:\Users\lufin\Documents\Aulas\2526-SI\CS\git\WebGoat\src\main\java\org\owasp\webgoat\container\users\UserForm.java
[2025-10-24 17:29:55] [javac-extractor-20644] Annotation processors enabled, and lombok usage detected in file: C:\Users\lufin\Documents\Aulas\2526-SI\CS\git\WebGoat\src\main\java\org\owasp\webgoat\container\users\UserProgress.java
[2025-10-24 17:29:55] [javac-extractor-20644] Annotation processors enabled, and lombok usage detected in file: C:\Users\lufin\Documents\Aulas\2526-SI\CS\git\WebGoat\src\main\java\org\owasp\webgoat\container\users\UserService.java
[2025-10-24 17:29:55] [javac-extractor-20644] Annotation processors enabled, and lombok usage detected in file: C:\Users\lufin\Documents\Aulas\2526-SI\CS\git\WebGoat\src\main\java\org\owasp\webgoat\container\users\UserSession.java
[2025-10-24 17:29:55] [javac-extractor-20644] Annotation processors enabled, and lombok usage detected in file: C:\Users\lufin\Documents\Aulas\2526-SI\CS\git\WebGoat\src\main\java\org\owasp\webgoat\container\users\UserValidator.java
[2025-10-24 17:29:55] [javac-extractor-20644] Annotation processors enabled, and lombok usage detected in file: C:\Users\lufin\Documents\Aulas\2526-SI\CS\git\WebGoat\src\main\java\org\owasp\webgoat\container\users\WebGoatUser.java
[2025-10-24 17:29:55] [javac-extractor-20644] Annotation processors enabled, and lombok usage detected in file: C:\Users\lufin\Documents\Aulas\2526-SI\CS\git\WebGoat\src\main\java\org\owasp\webgoat\lessons\challenges\Email.java
[2025-10-24 17:29:55] [javac-extractor-20644] Annotation processors enabled, and lombok usage detected in file: C:\Users\lufin\Documents\Aulas\2526-SI\CS\git\WebGoat\src\main\java\org\owasp\webgoat\lessons\challenges\challenge5\Assignment5.java
[2025-10-24 17:29:55] [javac-extractor-20644] Annotation processors enabled, and lombok usage detected in file: C:\Users\lufin\Documents\Aulas\2526-SI\CS\git\WebGoat\src\main\java\org\owasp\webgoat\lessons\challenges\challenge7\Assignment7.java
[2025-10-24 17:29:55] [javac-extractor-20644] Annotation processors enabled, and lombok usage detected in file: C:\Users\lufin\Documents\Aulas\2526-SI\CS\git\WebGoat\src\main\java\org\owasp\webgoat\lessons\challenges\challenge8\Assignment8.java
[2025-10-24 17:29:55] [javac-extractor-20644] Annotation processors enabled, and lombok usage detected in file: C:\Users\lufin\Documents\Aulas\2526-SI\CS\git\WebGoat\src\main\java\org\owasp\webgoat\lessons\clientsidefiltering\Salaries.java
[2025-10-24 17:29:55] [javac-extractor-20644] Annotation processors enabled, and lombok usage detected in file: C:\Users\lufin\Documents\Aulas\2526-SI\CS\git\WebGoat\src\main\java\org\owasp\webgoat\lessons\clientsidefiltering\ShopEndpoint.java
[2025-10-24 17:29:55] [javac-extractor-20644] Annotation processors enabled, and lombok usage detected in file: C:\Users\lufin\Documents\Aulas\2526-SI\CS\git\WebGoat\src\main\java\org\owasp\webgoat\lessons\cryptography\CryptoUtil.java
[2025-10-24 17:29:55] [javac-extractor-20644] Annotation processors enabled, and lombok usage detected in file: C:\Users\lufin\Documents\Aulas\2526-SI\CS\git\WebGoat\src\main\java\org\owasp\webgoat\lessons\cryptography\SigningAssignment.java
[2025-10-24 17:29:55] [javac-extractor-20644] Annotation processors enabled, and lombok usage detected in file: C:\Users\lufin\Documents\Aulas\2526-SI\CS\git\WebGoat\src\main\java\org\owasp\webgoat\lessons\csrf\Review.java
[2025-10-24 17:29:55] [javac-extractor-20644] Annotation processors enabled, and lombok usage detected in file: C:\Users\lufin\Documents\Aulas\2526-SI\CS\git\WebGoat\src\main\java\org\owasp\webgoat\lessons\hijacksession\cas\Authentication.java
[2025-10-24 17:29:55] [javac-extractor-20644] Annotation processors enabled, and lombok usage detected in file: C:\Users\lufin\Documents\Aulas\2526-SI\CS\git\WebGoat\src\main\java\org\owasp\webgoat\lessons\idor\IDORViewOwnProfile.java
[2025-10-24 17:29:55] [javac-extractor-20644] Annotation processors enabled, and lombok usage detected in file: C:\Users\lufin\Documents\Aulas\2526-SI\CS\git\WebGoat\src\main\java\org\owasp\webgoat\lessons\jwt\votes\Vote.java
[2025-10-24 17:29:55] [javac-extractor-20644] Annotation processors enabled, and lombok usage detected in file: C:\Users\lufin\Documents\Aulas\2526-SI\CS\git\WebGoat\src\main\java\org\owasp\webgoat\lessons\lessontemplate\SampleAttack.java
[2025-10-24 17:29:55] [javac-extractor-20644] Annotation processors enabled, and lombok usage detected in file: C:\Users\lufin\Documents\Aulas\2526-SI\CS\git\WebGoat\src\main\java\org\owasp\webgoat\lessons\missingac\DisplayUser.java
[2025-10-24 17:29:55] [javac-extractor-20644] Annotation processors enabled, and lombok usage detected in file: C:\Users\lufin\Documents\Aulas\2526-SI\CS\git\WebGoat\src\main\java\org\owasp\webgoat\lessons\missingac\MissingFunctionACUsers.java
[2025-10-24 17:29:55] [javac-extractor-20644] Annotation processors enabled, and lombok usage detected in file: C:\Users\lufin\Documents\Aulas\2526-SI\CS\git\WebGoat\src\main\java\org\owasp\webgoat\lessons\missingac\User.java
[2025-10-24 17:29:55] [javac-extractor-20644] Annotation processors enabled, and lombok usage detected in file: C:\Users\lufin\Documents\Aulas\2526-SI\CS\git\WebGoat\src\main\java\org\owasp\webgoat\lessons\passwordreset\PasswordResetEmail.java
[2025-10-24 17:29:55] [javac-extractor-20644] Annotation processors enabled, and lombok usage detected in file: C:\Users\lufin\Documents\Aulas\2526-SI\CS\git\WebGoat\src\main\java\org\owasp\webgoat\lessons\passwordreset\resetlink\PasswordChangeForm.java
[2025-10-24 17:29:55] [javac-extractor-20644] Annotation processors enabled, and lombok usage detected in file: C:\Users\lufin\Documents\Aulas\2526-SI\CS\git\WebGoat\src\main\java\org\owasp\webgoat\lessons\pathtraversal\ProfileUploadBase.java
[2025-10-24 17:29:55] [javac-extractor-20644] Annotation processors enabled, and lombok usage detected in file: C:\Users\lufin\Documents\Aulas\2526-SI\CS\git\WebGoat\src\main\java\org\owasp\webgoat\lessons\pathtraversal\ProfileUploadRetrieval.java
[2025-10-24 17:29:55] [javac-extractor-20644] Annotation processors enabled, and lombok usage detected in file: C:\Users\lufin\Documents\Aulas\2526-SI\CS\git\WebGoat\src\main\java\org\owasp\webgoat\lessons\pathtraversal\ProfileZipSlip.java
[2025-10-24 17:29:55] [javac-extractor-20644] Annotation processors enabled, and lombok usage detected in file: C:\Users\lufin\Documents\Aulas\2526-SI\CS\git\WebGoat\src\main\java\org\owasp\webgoat\lessons\sqlinjection\advanced\SqlInjectionChallenge.java
[2025-10-24 17:29:55] [javac-extractor-20644] Annotation processors enabled, and lombok usage detected in file: C:\Users\lufin\Documents\Aulas\2526-SI\CS\git\WebGoat\src\main\java\org\owasp\webgoat\lessons\sqlinjection\mitigation\Servers.java
[2025-10-24 17:29:55] [javac-extractor-20644] Annotation processors enabled, and lombok usage detected in file: C:\Users\lufin\Documents\Aulas\2526-SI\CS\git\WebGoat\src\main\java\org\owasp\webgoat\lessons\sqlinjection\mitigation\SqlInjectionLesson10a.java
[2025-10-24 17:29:55] [javac-extractor-20644] Annotation processors enabled, and lombok usage detected in file: C:\Users\lufin\Documents\Aulas\2526-SI\CS\git\WebGoat\src\main\java\org\owasp\webgoat\lessons\sqlinjection\mitigation\SqlInjectionLesson13.java
[2025-10-24 17:29:55] [javac-extractor-20644] Annotation processors enabled, and lombok usage detected in file: C:\Users\lufin\Documents\Aulas\2526-SI\CS\git\WebGoat\src\main\java\org\owasp\webgoat\lessons\vulnerablecomponents\ContactImpl.java
[2025-10-24 17:29:55] [javac-extractor-20644] Annotation processors enabled, and lombok usage detected in file: C:\Users\lufin\Documents\Aulas\2526-SI\CS\git\WebGoat\src\main\java\org\owasp\webgoat\lessons\webwolfintroduction\Email.java
[2025-10-24 17:29:55] [javac-extractor-20644] Annotation processors enabled, and lombok usage detected in file: C:\Users\lufin\Documents\Aulas\2526-SI\CS\git\WebGoat\src\main\java\org\owasp\webgoat\lessons\xss\Comment.java
[2025-10-24 17:29:55] [javac-extractor-20644] Annotation processors enabled, and lombok usage detected in file: C:\Users\lufin\Documents\Aulas\2526-SI\CS\git\WebGoat\src\main\java\org\owasp\webgoat\lessons\xxe\BlindSendFileAssignment.java
[2025-10-24 17:29:55] [javac-extractor-20644] Annotation processors enabled, and lombok usage detected in file: C:\Users\lufin\Documents\Aulas\2526-SI\CS\git\WebGoat\src\main\java\org\owasp\webgoat\lessons\xxe\Comment.java
[2025-10-24 17:29:55] [javac-extractor-20644] Annotation processors enabled, and lombok usage detected in file: C:\Users\lufin\Documents\Aulas\2526-SI\CS\git\WebGoat\src\main\java\org\owasp\webgoat\lessons\xxe\CommentsEndpoint.java
[2025-10-24 17:29:55] [javac-extractor-20644] Annotation processors enabled, and lombok usage detected in file: C:\Users\lufin\Documents\Aulas\2526-SI\CS\git\WebGoat\src\main\java\org\owasp\webgoat\lessons\xxe\Ping.java
[2025-10-24 17:29:55] [javac-extractor-20644] Annotation processors enabled, and lombok usage detected in file: C:\Users\lufin\Documents\Aulas\2526-SI\CS\git\WebGoat\src\main\java\org\owasp\webgoat\server\StartWebGoat.java
[2025-10-24 17:29:55] [javac-extractor-20644] Annotation processors enabled, and lombok usage detected in file: C:\Users\lufin\Documents\Aulas\2526-SI\CS\git\WebGoat\src\main\java\org\owasp\webgoat\webwolf\FileServer.java
[2025-10-24 17:29:55] [javac-extractor-20644] Annotation processors enabled, and lombok usage detected in file: C:\Users\lufin\Documents\Aulas\2526-SI\CS\git\WebGoat\src\main\java\org\owasp\webgoat\webwolf\WebSecurityConfig.java
[2025-10-24 17:29:55] [javac-extractor-20644] Annotation processors enabled, and lombok usage detected in file: C:\Users\lufin\Documents\Aulas\2526-SI\CS\git\WebGoat\src\main\java\org\owasp\webgoat\webwolf\jwt\JWTToken.java
[2025-10-24 17:29:55] [javac-extractor-20644] Annotation processors enabled, and lombok usage detected in file: C:\Users\lufin\Documents\Aulas\2526-SI\CS\git\WebGoat\src\main\java\org\owasp\webgoat\webwolf\mailbox\Email.java
[2025-10-24 17:29:55] [javac-extractor-20644] Annotation processors enabled, and lombok usage detected in file: C:\Users\lufin\Documents\Aulas\2526-SI\CS\git\WebGoat\src\main\java\org\owasp\webgoat\webwolf\mailbox\MailboxController.java
[2025-10-24 17:29:55] [javac-extractor-20644] Annotation processors enabled, and lombok usage detected in file: C:\Users\lufin\Documents\Aulas\2526-SI\CS\git\WebGoat\src\main\java\org\owasp\webgoat\webwolf\requests\LandingPage.java
[2025-10-24 17:29:55] [javac-extractor-20644] Annotation processors enabled, and lombok usage detected in file: C:\Users\lufin\Documents\Aulas\2526-SI\CS\git\WebGoat\src\main\java\org\owasp\webgoat\webwolf\requests\Requests.java
[2025-10-24 17:29:55] [javac-extractor-20644] Annotation processors enabled, and lombok usage detected in file: C:\Users\lufin\Documents\Aulas\2526-SI\CS\git\WebGoat\src\main\java\org\owasp\webgoat\webwolf\user\WebWolfUser.java
[2025-10-24 17:29:55] [javac-extractor-20644] [WARN] Appending source destination directory C:\Users\lufin\Documents\Aulas\2526-SI\CS\git\WebGoat\target\generated-sources\annotations to sourcepath
[2025-10-24 17:29:59] [javac-extractor-20644] Annotation processor class 'lombok.launch.AnnotationProcessorHider$AnnotationProcessor' initialized.
[2025-10-24 17:30:01] [javac-extractor-20644] Annotation processor class 'lombok.launch.AnnotationProcessorHider$ClaimingProcessor' initialized.
[2025-10-24 17:30:01] [javac-extractor-20644] 273 files will be passed to the attrib/flow phase
[2025-10-24 17:30:01] [javac-extractor-20644] Processing file C:\Users\lufin\Documents\Aulas\2526-SI\CS\git\WebGoat\src\main\java\org\dummy\insecure\framework\VulnerableTaskHolder.java
[2025-10-24 17:30:05] [javac-extractor-20644] Processing module java.base
[2025-10-24 17:30:05] [javac-extractor-20644] Processing JAR file: C:/Users/lufin/.m2/repository/org/projectlombok/lombok/1.18.42/lombok-1.18.42.jar
[2025-10-24 17:30:05] [javac-extractor-20644] Processing JAR file: C:/Users/lufin/.m2/repository/org/slf4j/slf4j-api/2.0.17/slf4j-api-2.0.17.jar
[2025-10-24 17:30:05] [javac-extractor-20644] Processing file C:\Users\lufin\Documents\Aulas\2526-SI\CS\git\WebGoat\src\main\java\org\owasp\webgoat\container\AjaxAuthenticationEntryPoint.java
[2025-10-24 17:30:06] [javac-extractor-20644] Processing JAR file: C:/Users/lufin/.m2/repository/org/apache/tomcat/embed/tomcat-embed-core/10.1.46/tomcat-embed-core-10.1.46.jar
[2025-10-24 17:30:06] [javac-extractor-20644] Processing JAR file: C:/Users/lufin/.m2/repository/org/springframework/security/spring-security-core/6.5.5/spring-security-core-6.5.5.jar
[2025-10-24 17:30:06] [javac-extractor-20644] Processing JAR file: C:/Users/lufin/.m2/repository/org/springframework/security/spring-security-web/6.5.5/spring-security-web-6.5.5.jar
[2025-10-24 17:30:06] [javac-extractor-20644] Processing JAR file: C:/Users/lufin/.m2/repository/org/springframework/spring-beans/6.2.11/spring-beans-6.2.11.jar
[2025-10-24 17:30:06] [javac-extractor-20644] Processing file C:\Users\lufin\Documents\Aulas\2526-SI\CS\git\WebGoat\src\main\java\org\owasp\webgoat\container\AsciiDoctorTemplateResolver.java
[2025-10-24 17:30:07] [javac-extractor-20644] Processing JAR file: C:/Users/lufin/.m2/repository/org/asciidoctor/asciidoctorj-api/3.0.0/asciidoctorj-api-3.0.0.jar
[2025-10-24 17:30:07] [javac-extractor-20644] Processing JAR file: C:/Users/lufin/.m2/repository/org/springframework/spring-core/6.2.11/spring-core-6.2.11.jar
[2025-10-24 17:30:07] [javac-extractor-20644] Processing JAR file: C:/Users/lufin/.m2/repository/org/springframework/spring-web/6.2.11/spring-web-6.2.11.jar
[2025-10-24 17:30:07] [javac-extractor-20644] Processing JAR file: C:/Users/lufin/.m2/repository/org/springframework/spring-webmvc/6.2.11/spring-webmvc-6.2.11.jar
[2025-10-24 17:30:07] [javac-extractor-20644] Processing JAR file: C:/Users/lufin/.m2/repository/org/thymeleaf/thymeleaf/3.1.2.RELEASE/thymeleaf-3.1.2.RELEASE.jar
[2025-10-24 17:30:07] [javac-extractor-20644] Processing JAR file: C:/Users/lufin/.m2/repository/org/springframework/spring-context/6.2.11/spring-context-6.2.11.jar
[2025-10-24 17:30:07] [javac-extractor-20644] Processing file C:\Users\lufin\Documents\Aulas\2526-SI\CS\git\WebGoat\src\main\java\org\owasp\webgoat\container\i18n\Language.java
[2025-10-24 17:30:07] [javac-extractor-20644] Processing file C:\Users\lufin\Documents\Aulas\2526-SI\CS\git\WebGoat\src\main\java\org\owasp\webgoat\container\CurrentUser.java
[2025-10-24 17:30:07] [javac-extractor-20644] Processing file C:\Users\lufin\Documents\Aulas\2526-SI\CS\git\WebGoat\src\main\java\org\owasp\webgoat\container\CurrentUsername.java
[2025-10-24 17:30:07] [javac-extractor-20644] Processing file C:\Users\lufin\Documents\Aulas\2526-SI\CS\git\WebGoat\src\main\java\org\owasp\webgoat\container\DatabaseConfiguration.java
[2025-10-24 17:30:09] [javac-extractor-20644] Processing module java.sql
[2025-10-24 17:30:09] [javac-extractor-20644] Processing module java.logging
[2025-10-24 17:30:09] [javac-extractor-20644] Processing module java.xml
[2025-10-24 17:30:09] [javac-extractor-20644] Processing JAR file: C:/Users/lufin/.m2/repository/org/flywaydb/flyway-core/11.7.2/flyway-core-11.7.2.jar
[2025-10-24 17:30:09] [javac-extractor-20644] Processing JAR file: C:/Users/lufin/.m2/repository/org/springframework/boot/spring-boot-autoconfigure/3.5.6/spring-boot-autoconfigure-3.5.6.jar
[2025-10-24 17:30:09] [javac-extractor-20644] Processing JAR file: C:/Users/lufin/.m2/repository/org/springframework/boot/spring-boot/3.5.6/spring-boot-3.5.6.jar
[2025-10-24 17:30:09] [javac-extractor-20644] Processing JAR file: C:/Users/lufin/.m2/repository/org/springframework/spring-jdbc/6.2.11/spring-jdbc-6.2.11.jar
[2025-10-24 17:30:09] [javac-extractor-20644] Processing JAR file: C:/Users/lufin/.m2/repository/org/springframework/data/spring-data-jpa/3.5.4/spring-data-jpa-3.5.4.jar
[2025-10-24 17:30:09] [javac-extractor-20644] Processing JAR file: C:/Users/lufin/.m2/repository/org/springframework/data/spring-data-commons/3.5.4/spring-data-commons-3.5.4.jar
[2025-10-24 17:30:09] [javac-extractor-20644] Processing JAR file: C:/Users/lufin/.m2/repository/jakarta/persistence/jakarta.persistence-api/3.1.0/jakarta.persistence-api-3.1.0.jar
[2025-10-24 17:30:09] [javac-extractor-20644] Processing JAR file: C:/Users/lufin/.m2/repository/com/fasterxml/jackson/core/jackson-annotations/2.19.2/jackson-annotations-2.19.2.jar
[2025-10-24 17:30:09] [javac-extractor-20644] Processing JAR file: C:/Users/lufin/.m2/repository/org/springframework/spring-jcl/6.2.11/spring-jcl-6.2.11.jar
[2025-10-24 17:30:09] [javac-extractor-20644] Processing file C:\Users\lufin\Documents\Aulas\2526-SI\CS\git\WebGoat\src\main\java\org\owasp\webgoat\container\LessonDataSource.java
[2025-10-24 17:30:09] [javac-extractor-20644] Processing file C:\Users\lufin\Documents\Aulas\2526-SI\CS\git\WebGoat\src\main\java\org\owasp\webgoat\container\HammerHead.java
[2025-10-24 17:30:09] [javac-extractor-20644] Processing file C:\Users\lufin\Documents\Aulas\2526-SI\CS\git\WebGoat\src\main\java\org\owasp\webgoat\container\session\Course.java
[2025-10-24 17:30:09] [javac-extractor-20644] Processing file C:\Users\lufin\Documents\Aulas\2526-SI\CS\git\WebGoat\src\main\java\org\owasp\webgoat\container\lessons\Lesson.java
[2025-10-24 17:30:09] [javac-extractor-20644] Processing file C:\Users\lufin\Documents\Aulas\2526-SI\CS\git\WebGoat\src\main\java\org\owasp\webgoat\container\lessons\Category.java
[2025-10-24 17:30:10] [javac-extractor-20644] Processing file C:\Users\lufin\Documents\Aulas\2526-SI\CS\git\WebGoat\src\main\java\org\owasp\webgoat\container\lessons\LessonName.java
[2025-10-24 17:30:10] [javac-extractor-20644] Processing file C:\Users\lufin\Documents\Aulas\2526-SI\CS\git\WebGoat\src\main\java\org\owasp\webgoat\container\lessons\Assignment.java
[2025-10-24 17:30:10] [javac-extractor-20644] Processing file C:\Users\lufin\Documents\Aulas\2526-SI\CS\git\WebGoat\src\main\java\org\owasp\webgoat\container\LessonResourceScanner.java
[2025-10-24 17:30:10] [javac-extractor-20644] Processing file C:\Users\lufin\Documents\Aulas\2526-SI\CS\git\WebGoat\src\main\java\org\owasp\webgoat\container\LessonTemplateResolver.java
[2025-10-24 17:30:10] [javac-extractor-20644] Processing file C:\Users\lufin\Documents\Aulas\2526-SI\CS\git\WebGoat\src\main\java\org\owasp\webgoat\container\MvcConfiguration.java
[2025-10-24 17:30:12] [javac-extractor-20644] Processing module java.desktop
[2025-10-24 17:30:12] [javac-extractor-20644] Processing module java.datatransfer
[2025-10-24 17:30:12] [javac-extractor-20644] Processing JAR file: C:/Users/lufin/.m2/repository/org/thymeleaf/extras/thymeleaf-extras-springsecurity6/3.1.3.RELEASE/thymeleaf-extras-springsecurity6-3.1.3.RELEASE.jar
[2025-10-24 17:30:12] [javac-extractor-20644] Processing JAR file: C:/Users/lufin/.m2/repository/org/thymeleaf/thymeleaf-spring6/3.1.2.RELEASE/thymeleaf-spring6-3.1.2.RELEASE.jar
[2025-10-24 17:30:12] [javac-extractor-20644] Processing file C:\Users\lufin\Documents\Aulas\2526-SI\CS\git\WebGoat\src\main\java\org\owasp\webgoat\container\i18n\Messages.java
[2025-10-24 17:30:12] [javac-extractor-20644] Processing file C:\Users\lufin\Documents\Aulas\2526-SI\CS\git\WebGoat\src\main\java\org\owasp\webgoat\container\i18n\PluginMessages.java
[2025-10-24 17:30:12] [javac-extractor-20644] Processing file C:\Users\lufin\Documents\Aulas\2526-SI\CS\git\WebGoat\src\main\java\org\owasp\webgoat\container\session\LabelDebugger.java
[2025-10-24 17:30:12] [javac-extractor-20644] Processing file C:\Users\lufin\Documents\Aulas\2526-SI\CS\git\WebGoat\src\main\java\org\owasp\webgoat\container\UserInterceptor.java
[2025-10-24 17:30:12] [javac-extractor-20644] Processing file C:\Users\lufin\Documents\Aulas\2526-SI\CS\git\WebGoat\src\main\java\org\owasp\webgoat\container\WebGoat.java
[2025-10-24 17:30:16] [javac-extractor-20644] Processing module java.compiler
[2025-10-24 17:30:16] [javac-extractor-20644] Processing JAR file: C:/Users/lufin/.m2/repository/io/micrometer/micrometer-observation/1.15.4/micrometer-observation-1.15.4.jar
[2025-10-24 17:30:16] [javac-extractor-20644] Processing JAR file: C:/Users/lufin/.m2/repository/io/micrometer/micrometer-commons/1.15.4/micrometer-commons-1.15.4.jar
[2025-10-24 17:30:16] [javac-extractor-20644] Processing JAR file: C:/Users/lufin/.m2/repository/org/springframework/spring-expression/6.2.11/spring-expression-6.2.11.jar
[2025-10-24 17:30:16] [javac-extractor-20644] Processing JAR file: C:/Users/lufin/.m2/repository/org/springframework/spring-aop/6.2.11/spring-aop-6.2.11.jar
[2025-10-24 17:30:16] [javac-extractor-20644] Processing file C:\Users\lufin\Documents\Aulas\2526-SI\CS\git\WebGoat\src\main\java\org\owasp\webgoat\container\session\LessonSession.java
[2025-10-24 17:30:16] [javac-extractor-20644] Processing file C:\Users\lufin\Documents\Aulas\2526-SI\CS\git\WebGoat\src\main\java\org\owasp\webgoat\container\WebSecurityConfig.java
[2025-10-24 17:30:19] [javac-extractor-20644] Processing JAR file: C:/Users/lufin/.m2/repository/org/springframework/security/spring-security-config/6.5.5/spring-security-config-6.5.5.jar
[2025-10-24 17:30:19] [javac-extractor-20644] Processing JAR file: C:/Users/lufin/.m2/repository/org/springframework/security/spring-security-crypto/6.5.5/spring-security-crypto-6.5.5.jar
[2025-10-24 17:30:19] [javac-extractor-20644] Processing JAR file: C:/Users/lufin/.m2/repository/org/springframework/security/spring-security-oauth2-client/6.5.5/spring-security-oauth2-client-6.5.5.jar
[2025-10-24 17:30:19] [javac-extractor-20644] Processing JAR file: C:/Users/lufin/.m2/repository/org/springframework/security/spring-security-oauth2-core/6.5.5/spring-security-oauth2-core-6.5.5.jar
[2025-10-24 17:30:19] [javac-extractor-20644] Processing JAR file: C:/Users/lufin/.m2/repository/org/springframework/spring-tx/6.2.11/spring-tx-6.2.11.jar
[2025-10-24 17:30:19] [javac-extractor-20644] Processing JAR file: C:/Users/lufin/.m2/repository/org/springframework/security/spring-security-oauth2-jose/6.5.5/spring-security-oauth2-jose-6.5.5.jar
[2025-10-24 17:30:19] [javac-extractor-20644] Processing file C:\Users\lufin\Documents\Aulas\2526-SI\CS\git\WebGoat\src\main\java\org\owasp\webgoat\container\users\UserService.java
[2025-10-24 17:30:19] [javac-extractor-20644] Processing file C:\Users\lufin\Documents\Aulas\2526-SI\CS\git\WebGoat\src\main\java\org\owasp\webgoat\container\users\UserRepository.java
[2025-10-24 17:30:19] [javac-extractor-20644] Processing file C:\Users\lufin\Documents\Aulas\2526-SI\CS\git\WebGoat\src\main\java\org\owasp\webgoat\container\users\WebGoatUser.java
[2025-10-24 17:30:19] [javac-extractor-20644] Processing file C:\Users\lufin\Documents\Aulas\2526-SI\CS\git\WebGoat\src\main\java\org\owasp\webgoat\container\users\UserProgressRepository.java
[2025-10-24 17:30:19] [javac-extractor-20644] Processing file C:\Users\lufin\Documents\Aulas\2526-SI\CS\git\WebGoat\src\main\java\org\owasp\webgoat\container\users\UserProgress.java
[2025-10-24 17:30:19] [javac-extractor-20644] Processing file C:\Users\lufin\Documents\Aulas\2526-SI\CS\git\WebGoat\src\main\java\org\owasp\webgoat\container\lessons\Initializable.java
[2025-10-24 17:30:19] [javac-extractor-20644] Processing file C:\Users\lufin\Documents\Aulas\2526-SI\CS\git\WebGoat\src\main\java\org\owasp\webgoat\container\users\LessonProgress.java
[2025-10-24 17:30:19] [javac-extractor-20644] Processing file C:\Users\lufin\Documents\Aulas\2526-SI\CS\git\WebGoat\src\main\java\org\owasp\webgoat\container\users\AssignmentProgress.java
[2025-10-24 17:30:19] [javac-extractor-20644] Processing file C:\Users\lufin\Documents\Aulas\2526-SI\CS\git\WebGoat\src\main\java\org\owasp\webgoat\container\WebWolfRedirect.java
[2025-10-24 17:30:19] [javac-extractor-20644] Processing file C:\Users\lufin\Documents\Aulas\2526-SI\CS\git\WebGoat\src\main\java\org\owasp\webgoat\container\asciidoc\EnvironmentExposure.java
[2025-10-24 17:30:19] [javac-extractor-20644] Processing file C:\Users\lufin\Documents\Aulas\2526-SI\CS\git\WebGoat\src\main\java\org\owasp\webgoat\container\asciidoc\OperatingSystemMacro.java
[2025-10-24 17:30:19] [javac-extractor-20644] Processing file C:\Users\lufin\Documents\Aulas\2526-SI\CS\git\WebGoat\src\main\java\org\owasp\webgoat\container\asciidoc\UsernameMacro.java
[2025-10-24 17:30:19] [javac-extractor-20644] Processing file C:\Users\lufin\Documents\Aulas\2526-SI\CS\git\WebGoat\src\main\java\org\owasp\webgoat\container\asciidoc\WebGoatTmpDirMacro.java
[2025-10-24 17:30:19] [javac-extractor-20644] Processing file C:\Users\lufin\Documents\Aulas\2526-SI\CS\git\WebGoat\src\main\java\org\owasp\webgoat\container\asciidoc\WebGoatVersionMacro.java
[2025-10-24 17:30:19] [javac-extractor-20644] Processing file C:\Users\lufin\Documents\Aulas\2526-SI\CS\git\WebGoat\src\main\java\org\owasp\webgoat\container\asciidoc\WebWolfMacro.java
[2025-10-24 17:30:19] [javac-extractor-20644] Processing file C:\Users\lufin\Documents\Aulas\2526-SI\CS\git\WebGoat\src\main\java\org\owasp\webgoat\container\asciidoc\WebWolfRootMacro.java
[2025-10-24 17:30:19] [javac-extractor-20644] Processing file C:\Users\lufin\Documents\Aulas\2526-SI\CS\git\WebGoat\src\main\java\org\owasp\webgoat\container\assignments\AssignmentEndpoint.java
[2025-10-24 17:30:19] [javac-extractor-20644] Processing file C:\Users\lufin\Documents\Aulas\2526-SI\CS\git\WebGoat\src\main\java\org\owasp\webgoat\container\assignments\AssignmentHints.java
[2025-10-24 17:30:19] [javac-extractor-20644] Processing file C:\Users\lufin\Documents\Aulas\2526-SI\CS\git\WebGoat\src\main\java\org\owasp\webgoat\container\assignments\AttackResult.java
[2025-10-24 17:30:19] [javac-extractor-20644] Processing JAR file: C:/Users/lufin/.m2/repository/org/apache/commons/commons-text/1.13.1/commons-text-1.13.1.jar
[2025-10-24 17:30:19] [javac-extractor-20644] Processing file C:\Users\lufin\Documents\Aulas\2526-SI\CS\git\WebGoat\src\main\java\org\owasp\webgoat\container\assignments\AttackResultBuilder.java
[2025-10-24 17:30:19] [javac-extractor-20644] Processing file C:\Users\lufin\Documents\Aulas\2526-SI\CS\git\WebGoat\src\main\java\org\owasp\webgoat\container\assignments\AttackResultMessageResponseBodyAdvice.java
[2025-10-24 17:30:19] [javac-extractor-20644] Processing file C:\Users\lufin\Documents\Aulas\2526-SI\CS\git\WebGoat\src\main\java\org\owasp\webgoat\container\assignments\LessonTrackerInterceptor.java
[2025-10-24 17:30:19] [javac-extractor-20644] Processing file C:\Users\lufin\Documents\Aulas\2526-SI\CS\git\WebGoat\src\main\java\org\owasp\webgoat\container\controller\StartLesson.java
[2025-10-24 17:30:20] [javac-extractor-20644] Processing file C:\Users\lufin\Documents\Aulas\2526-SI\CS\git\WebGoat\src\main\java\org\owasp\webgoat\container\controller\Welcome.java
[2025-10-24 17:30:20] [javac-extractor-20644] Processing file C:\Users\lufin\Documents\Aulas\2526-SI\CS\git\WebGoat\src\main\java\org\owasp\webgoat\container\lessons\CourseConfiguration.java
[2025-10-24 17:30:20] [javac-extractor-20644] Processing JAR file: C:/Users/lufin/.m2/repository/org/apache/commons/commons-lang3/3.14.0/commons-lang3-3.14.0.jar
[2025-10-24 17:30:20] [javac-extractor-20644] Processing file C:\Users\lufin\Documents\Aulas\2526-SI\CS\git\WebGoat\src\main\java\org\owasp\webgoat\container\lessons\Hint.java
[2025-10-24 17:30:20] [javac-extractor-20644] Processing file C:\Users\lufin\Documents\Aulas\2526-SI\CS\git\WebGoat\src\main\java\org\owasp\webgoat\container\lessons\LessonConnectionInvocationHandler.java
[2025-10-24 17:30:20] [javac-extractor-20644] Processing file C:\Users\lufin\Documents\Aulas\2526-SI\CS\git\WebGoat\src\main\java\org\owasp\webgoat\container\lessons\LessonInfoModel.java
[2025-10-24 17:30:20] [javac-extractor-20644] Processing file C:\Users\lufin\Documents\Aulas\2526-SI\CS\git\WebGoat\src\main\java\org\owasp\webgoat\container\lessons\LessonMenuItem.java
[2025-10-24 17:30:20] [javac-extractor-20644] Processing file C:\Users\lufin\Documents\Aulas\2526-SI\CS\git\WebGoat\src\main\java\org\owasp\webgoat\container\lessons\LessonMenuItemType.java
[2025-10-24 17:30:20] [javac-extractor-20644] Processing file C:\Users\lufin\Documents\Aulas\2526-SI\CS\git\WebGoat\src\main\java\org\owasp\webgoat\container\report\ReportCardController.java
[2025-10-24 17:30:20] [javac-extractor-20644] Processing file C:\Users\lufin\Documents\Aulas\2526-SI\CS\git\WebGoat\src\main\java\org\owasp\webgoat\container\service\EnvironmentService.java
[2025-10-24 17:30:20] [javac-extractor-20644] Processing file C:\Users\lufin\Documents\Aulas\2526-SI\CS\git\WebGoat\src\main\java\org\owasp\webgoat\container\service\HintService.java
[2025-10-24 17:30:20] [javac-extractor-20644] Processing file C:\Users\lufin\Documents\Aulas\2526-SI\CS\git\WebGoat\src\main\java\org\owasp\webgoat\container\service\LabelDebugService.java
[2025-10-24 17:30:20] [javac-extractor-20644] Processing file C:\Users\lufin\Documents\Aulas\2526-SI\CS\git\WebGoat\src\main\java\org\owasp\webgoat\container\service\LabelService.java
[2025-10-24 17:30:20] [javac-extractor-20644] Processing file C:\Users\lufin\Documents\Aulas\2526-SI\CS\git\WebGoat\src\main\java\org\owasp\webgoat\container\service\LessonInfoService.java
[2025-10-24 17:30:20] [javac-extractor-20644] Processing file C:\Users\lufin\Documents\Aulas\2526-SI\CS\git\WebGoat\src\main\java\org\owasp\webgoat\container\service\LessonMenuService.java
[2025-10-24 17:30:20] [javac-extractor-20644] Processing file C:\Users\lufin\Documents\Aulas\2526-SI\CS\git\WebGoat\src\main\java\org\owasp\webgoat\container\service\LessonProgressService.java
[2025-10-24 17:30:20] [javac-extractor-20644] Processing file C:\Users\lufin\Documents\Aulas\2526-SI\CS\git\WebGoat\src\main\java\org\owasp\webgoat\container\service\RestartLessonService.java
[2025-10-24 17:30:20] [javac-extractor-20644] Processing file C:\Users\lufin\Documents\Aulas\2526-SI\CS\git\WebGoat\src\main\java\org\owasp\webgoat\container\service\SessionService.java
[2025-10-24 17:30:20] [javac-extractor-20644] Processing file C:\Users\lufin\Documents\Aulas\2526-SI\CS\git\WebGoat\src\main\java\org\owasp\webgoat\container\users\RegistrationController.java
[2025-10-24 17:30:20] [javac-extractor-20644] Processing JAR file: C:/Users/lufin/.m2/repository/jakarta/validation/jakarta.validation-api/3.0.2/jakarta.validation-api-3.0.2.jar
[2025-10-24 17:30:20] [javac-extractor-20644] Processing file C:\Users\lufin\Documents\Aulas\2526-SI\CS\git\WebGoat\src\main\java\org\owasp\webgoat\container\users\UserValidator.java
[2025-10-24 17:30:20] [javac-extractor-20644] Processing file C:\Users\lufin\Documents\Aulas\2526-SI\CS\git\WebGoat\src\main\java\org\owasp\webgoat\container\users\UserForm.java
[2025-10-24 17:30:20] [javac-extractor-20644] Processing file C:\Users\lufin\Documents\Aulas\2526-SI\CS\git\WebGoat\src\main\java\org\owasp\webgoat\container\users\UserSession.java
[2025-10-24 17:30:21] [javac-extractor-20644] Processing file C:\Users\lufin\Documents\Aulas\2526-SI\CS\git\WebGoat\src\main\java\org\owasp\webgoat\lessons\authbypass\AccountVerificationHelper.java
[2025-10-24 17:30:21] [javac-extractor-20644] Processing file C:\Users\lufin\Documents\Aulas\2526-SI\CS\git\WebGoat\src\main\java\org\owasp\webgoat\lessons\authbypass\AuthBypass.java
[2025-10-24 17:30:21] [javac-extractor-20644] Processing file C:\Users\lufin\Documents\Aulas\2526-SI\CS\git\WebGoat\src\main\java\org\owasp\webgoat\lessons\authbypass\VerifyAccount.java
[2025-10-24 17:30:21] [javac-extractor-20644] Processing file C:\Users\lufin\Documents\Aulas\2526-SI\CS\git\WebGoat\src\main\java\org\owasp\webgoat\lessons\bypassrestrictions\BypassRestrictions.java
[2025-10-24 17:30:21] [javac-extractor-20644] Processing file C:\Users\lufin\Documents\Aulas\2526-SI\CS\git\WebGoat\src\main\java\org\owasp\webgoat\lessons\bypassrestrictions\BypassRestrictionsFieldRestrictions.java
[2025-10-24 17:30:21] [javac-extractor-20644] Processing file C:\Users\lufin\Documents\Aulas\2526-SI\CS\git\WebGoat\src\main\java\org\owasp\webgoat\lessons\bypassrestrictions\BypassRestrictionsFrontendValidation.java
[2025-10-24 17:30:21] [javac-extractor-20644] Processing file C:\Users\lufin\Documents\Aulas\2526-SI\CS\git\WebGoat\src\main\java\org\owasp\webgoat\lessons\challenges\ChallengeIntro.java
[2025-10-24 17:30:21] [javac-extractor-20644] Processing file C:\Users\lufin\Documents\Aulas\2526-SI\CS\git\WebGoat\src\main\java\org\owasp\webgoat\lessons\challenges\Email.java
[2025-10-24 17:30:21] [javac-extractor-20644] Processing file C:\Users\lufin\Documents\Aulas\2526-SI\CS\git\WebGoat\src\main\java\org\owasp\webgoat\lessons\challenges\Flag.java
[2025-10-24 17:30:21] [javac-extractor-20644] Processing file C:\Users\lufin\Documents\Aulas\2526-SI\CS\git\WebGoat\src\main\java\org\owasp\webgoat\lessons\challenges\FlagController.java
[2025-10-24 17:30:21] [javac-extractor-20644] Processing file C:\Users\lufin\Documents\Aulas\2526-SI\CS\git\WebGoat\src\main\java\org\owasp\webgoat\lessons\challenges\Flags.java
[2025-10-24 17:30:21] [javac-extractor-20644] Processing file C:\Users\lufin\Documents\Aulas\2526-SI\CS\git\WebGoat\src\main\java\org\owasp\webgoat\lessons\challenges\SolutionConstants.java
[2025-10-24 17:30:21] [javac-extractor-20644] Processing file C:\Users\lufin\Documents\Aulas\2526-SI\CS\git\WebGoat\src\main\java\org\owasp\webgoat\lessons\challenges\challenge1\Assignment1.java
[2025-10-24 17:30:21] [javac-extractor-20644] Processing file C:\Users\lufin\Documents\Aulas\2526-SI\CS\git\WebGoat\src\main\java\org\owasp\webgoat\lessons\challenges\challenge1\Challenge1.java
[2025-10-24 17:30:21] [javac-extractor-20644] Processing file C:\Users\lufin\Documents\Aulas\2526-SI\CS\git\WebGoat\src\main\java\org\owasp\webgoat\lessons\challenges\challenge1\ImageServlet.java
[2025-10-24 17:30:21] [javac-extractor-20644] Processing file C:\Users\lufin\Documents\Aulas\2526-SI\CS\git\WebGoat\src\main\java\org\owasp\webgoat\lessons\challenges\challenge5\Assignment5.java
[2025-10-24 17:30:21] [javac-extractor-20644] Processing file C:\Users\lufin\Documents\Aulas\2526-SI\CS\git\WebGoat\src\main\java\org\owasp\webgoat\lessons\challenges\challenge5\Challenge5.java
[2025-10-24 17:30:21] [javac-extractor-20644] Processing file C:\Users\lufin\Documents\Aulas\2526-SI\CS\git\WebGoat\src\main\java\org\owasp\webgoat\lessons\challenges\challenge7\Assignment7.java
[2025-10-24 17:30:21] [javac-extractor-20644] Processing file C:\Users\lufin\Documents\Aulas\2526-SI\CS\git\WebGoat\src\main\java\org\owasp\webgoat\lessons\challenges\challenge7\Challenge7.java
[2025-10-24 17:30:21] [javac-extractor-20644] Processing file C:\Users\lufin\Documents\Aulas\2526-SI\CS\git\WebGoat\src\main\java\org\owasp\webgoat\lessons\challenges\challenge7\MD5.java
[2025-10-24 17:30:21] [javac-extractor-20644] Processing file C:\Users\lufin\Documents\Aulas\2526-SI\CS\git\WebGoat\src\main\java\org\owasp\webgoat\lessons\challenges\challenge7\PasswordResetLink.java
[2025-10-24 17:30:21] [javac-extractor-20644] Processing file C:\Users\lufin\Documents\Aulas\2526-SI\CS\git\WebGoat\src\main\java\org\owasp\webgoat\lessons\challenges\challenge8\Assignment8.java
[2025-10-24 17:30:21] [javac-extractor-20644] Processing file C:\Users\lufin\Documents\Aulas\2526-SI\CS\git\WebGoat\src\main\java\org\owasp\webgoat\lessons\challenges\challenge8\Challenge8.java
[2025-10-24 17:30:21] [javac-extractor-20644] Processing file C:\Users\lufin\Documents\Aulas\2526-SI\CS\git\WebGoat\src\main\java\org\owasp\webgoat\lessons\chromedevtools\ChromeDevTools.java
[2025-10-24 17:30:21] [javac-extractor-20644] Processing file C:\Users\lufin\Documents\Aulas\2526-SI\CS\git\WebGoat\src\main\java\org\owasp\webgoat\lessons\chromedevtools\NetworkDummy.java
[2025-10-24 17:30:21] [javac-extractor-20644] Processing file C:\Users\lufin\Documents\Aulas\2526-SI\CS\git\WebGoat\src\main\java\org\owasp\webgoat\lessons\chromedevtools\NetworkLesson.java
[2025-10-24 17:30:21] [javac-extractor-20644] Processing file C:\Users\lufin\Documents\Aulas\2526-SI\CS\git\WebGoat\src\main\java\org\owasp\webgoat\lessons\cia\CIA.java
[2025-10-24 17:30:21] [javac-extractor-20644] Processing file C:\Users\lufin\Documents\Aulas\2526-SI\CS\git\WebGoat\src\main\java\org\owasp\webgoat\lessons\cia\CIAQuiz.java
[2025-10-24 17:30:21] [javac-extractor-20644] Processing file C:\Users\lufin\Documents\Aulas\2526-SI\CS\git\WebGoat\src\main\java\org\owasp\webgoat\lessons\clientsidefiltering\ClientSideFiltering.java
[2025-10-24 17:30:21] [javac-extractor-20644] Processing file C:\Users\lufin\Documents\Aulas\2526-SI\CS\git\WebGoat\src\main\java\org\owasp\webgoat\lessons\clientsidefiltering\ClientSideFilteringAssignment.java
[2025-10-24 17:30:21] [javac-extractor-20644] Processing file C:\Users\lufin\Documents\Aulas\2526-SI\CS\git\WebGoat\src\main\java\org\owasp\webgoat\lessons\clientsidefiltering\ClientSideFilteringFreeAssignment.java
[2025-10-24 17:30:21] [javac-extractor-20644] Processing file C:\Users\lufin\Documents\Aulas\2526-SI\CS\git\WebGoat\src\main\java\org\owasp\webgoat\lessons\clientsidefiltering\Salaries.java
[2025-10-24 17:30:21] [javac-extractor-20644] Processing JAR file: C:/Users/lufin/.m2/repository/jakarta/annotation/jakarta.annotation-api/2.1.1/jakarta.annotation-api-2.1.1.jar
[2025-10-24 17:30:21] [javac-extractor-20644] Processing file C:\Users\lufin\Documents\Aulas\2526-SI\CS\git\WebGoat\src\main\java\org\owasp\webgoat\lessons\clientsidefiltering\ShopEndpoint.java
[2025-10-24 17:30:22] [javac-extractor-20644] Processing JAR file: C:/Users/lufin/.m2/repository/com/google/guava/guava/33.5.0-jre/guava-33.5.0-jre.jar
[2025-10-24 17:30:22] [javac-extractor-20644] Processing JAR file: C:/Users/lufin/.m2/repository/com/google/errorprone/error_prone_annotations/2.41.0/error_prone_annotations-2.41.0.jar
[2025-10-24 17:30:22] [javac-extractor-20644] Processing file C:\Users\lufin\Documents\Aulas\2526-SI\CS\git\WebGoat\src\main\java\org\owasp\webgoat\lessons\cryptography\CryptoUtil.java
[2025-10-24 17:30:22] [javac-extractor-20644] Processing JAR file: C:/Users/lufin/.m2/repository/javax/xml/bind/jaxb-api/2.3.1/jaxb-api-2.3.1.jar
[2025-10-24 17:30:22] [javac-extractor-20644] Processing file C:\Users\lufin\Documents\Aulas\2526-SI\CS\git\WebGoat\src\main\java\org\owasp\webgoat\lessons\cryptography\Cryptography.java
[2025-10-24 17:30:22] [javac-extractor-20644] Processing file C:\Users\lufin\Documents\Aulas\2526-SI\CS\git\WebGoat\src\main\java\org\owasp\webgoat\lessons\cryptography\EncodingAssignment.java
[2025-10-24 17:30:22] [javac-extractor-20644] Processing file C:\Users\lufin\Documents\Aulas\2526-SI\CS\git\WebGoat\src\main\java\org\owasp\webgoat\lessons\cryptography\HashingAssignment.java
[2025-10-24 17:30:22] [javac-extractor-20644] Processing file C:\Users\lufin\Documents\Aulas\2526-SI\CS\git\WebGoat\src\main\java\org\owasp\webgoat\lessons\cryptography\SecureDefaultsAssignment.java
[2025-10-24 17:30:22] [javac-extractor-20644] Processing file C:\Users\lufin\Documents\Aulas\2526-SI\CS\git\WebGoat\src\main\java\org\owasp\webgoat\lessons\cryptography\SigningAssignment.java
[2025-10-24 17:30:22] [javac-extractor-20644] Processing file C:\Users\lufin\Documents\Aulas\2526-SI\CS\git\WebGoat\src\main\java\org\owasp\webgoat\lessons\cryptography\XOREncodingAssignment.java
[2025-10-24 17:30:22] [javac-extractor-20644] Processing file C:\Users\lufin\Documents\Aulas\2526-SI\CS\git\WebGoat\src\main\java\org\owasp\webgoat\lessons\csrf\CSRF.java
[2025-10-24 17:30:22] [javac-extractor-20644] Processing file C:\Users\lufin\Documents\Aulas\2526-SI\CS\git\WebGoat\src\main\java\org\owasp\webgoat\lessons\csrf\CSRFConfirmFlag1.java
[2025-10-24 17:30:22] [javac-extractor-20644] Processing file C:\Users\lufin\Documents\Aulas\2526-SI\CS\git\WebGoat\src\main\java\org\owasp\webgoat\lessons\csrf\CSRFFeedback.java
[2025-10-24 17:30:24] [javac-extractor-20644] Processing JAR file: C:/Users/lufin/.m2/repository/com/fasterxml/jackson/core/jackson-databind/2.19.2/jackson-databind-2.19.2.jar
[2025-10-24 17:30:24] [javac-extractor-20644] Processing JAR file: C:/Users/lufin/.m2/repository/com/fasterxml/jackson/core/jackson-core/2.19.2/jackson-core-2.19.2.jar
[2025-10-24 17:30:24] [javac-extractor-20644] Processing file C:\Users\lufin\Documents\Aulas\2526-SI\CS\git\WebGoat\src\main\java\org\owasp\webgoat\lessons\csrf\CSRFGetFlag.java
[2025-10-24 17:30:24] [javac-extractor-20644] Processing file C:\Users\lufin\Documents\Aulas\2526-SI\CS\git\WebGoat\src\main\java\org\owasp\webgoat\lessons\csrf\CSRFLogin.java
[2025-10-24 17:30:24] [javac-extractor-20644] Processing file C:\Users\lufin\Documents\Aulas\2526-SI\CS\git\WebGoat\src\main\java\org\owasp\webgoat\lessons\csrf\ForgedReviews.java
[2025-10-24 17:30:25] [javac-extractor-20644] Processing file C:\Users\lufin\Documents\Aulas\2526-SI\CS\git\WebGoat\src\main\java\org\owasp\webgoat\lessons\csrf\Review.java
[2025-10-24 17:30:25] [javac-extractor-20644] Processing file C:\Users\lufin\Documents\Aulas\2526-SI\CS\git\WebGoat\src\main\java\org\owasp\webgoat\lessons\deserialization\InsecureDeserialization.java
[2025-10-24 17:30:25] [javac-extractor-20644] Processing file C:\Users\lufin\Documents\Aulas\2526-SI\CS\git\WebGoat\src\main\java\org\owasp\webgoat\lessons\deserialization\InsecureDeserializationTask.java
[2025-10-24 17:30:25] [javac-extractor-20644] Processing file C:\Users\lufin\Documents\Aulas\2526-SI\CS\git\WebGoat\src\main\java\org\owasp\webgoat\lessons\deserialization\SerializationHelper.java
[2025-10-24 17:30:25] [javac-extractor-20644] Processing file C:\Users\lufin\Documents\Aulas\2526-SI\CS\git\WebGoat\src\main\java\org\owasp\webgoat\lessons\hijacksession\HijackSession.java
[2025-10-24 17:30:25] [javac-extractor-20644] Processing file C:\Users\lufin\Documents\Aulas\2526-SI\CS\git\WebGoat\src\main\java\org\owasp\webgoat\lessons\hijacksession\HijackSessionAssignment.java
[2025-10-24 17:30:25] [javac-extractor-20644] Processing file C:\Users\lufin\Documents\Aulas\2526-SI\CS\git\WebGoat\src\main\java\org\owasp\webgoat\lessons\hijacksession\cas\HijackSessionAuthenticationProvider.java
[2025-10-24 17:30:25] [javac-extractor-20644] Processing file C:\Users\lufin\Documents\Aulas\2526-SI\CS\git\WebGoat\src\main\java\org\owasp\webgoat\lessons\hijacksession\cas\AuthenticationProvider.java
[2025-10-24 17:30:25] [javac-extractor-20644] Processing file C:\Users\lufin\Documents\Aulas\2526-SI\CS\git\WebGoat\src\main\java\org\owasp\webgoat\lessons\hijacksession\cas\Authentication.java
[2025-10-24 17:30:25] [javac-extractor-20644] Processing file C:\Users\lufin\Documents\Aulas\2526-SI\CS\git\WebGoat\src\main\java\org\owasp\webgoat\lessons\htmltampering\HtmlTampering.java
[2025-10-24 17:30:25] [javac-extractor-20644] Processing file C:\Users\lufin\Documents\Aulas\2526-SI\CS\git\WebGoat\src\main\java\org\owasp\webgoat\lessons\htmltampering\HtmlTamperingTask.java
[2025-10-24 17:30:25] [javac-extractor-20644] Processing file C:\Users\lufin\Documents\Aulas\2526-SI\CS\git\WebGoat\src\main\java\org\owasp\webgoat\lessons\httpbasics\HttpBasics.java
[2025-10-24 17:30:25] [javac-extractor-20644] Processing file C:\Users\lufin\Documents\Aulas\2526-SI\CS\git\WebGoat\src\main\java\org\owasp\webgoat\lessons\httpbasics\HttpBasicsLesson.java
[2025-10-24 17:30:25] [javac-extractor-20644] Processing file C:\Users\lufin\Documents\Aulas\2526-SI\CS\git\WebGoat\src\main\java\org\owasp\webgoat\lessons\httpbasics\HttpBasicsQuiz.java
[2025-10-24 17:30:25] [javac-extractor-20644] Processing file C:\Users\lufin\Documents\Aulas\2526-SI\CS\git\WebGoat\src\main\java\org\owasp\webgoat\lessons\httpproxies\HttpBasicsInterceptRequest.java
[2025-10-24 17:30:25] [javac-extractor-20644] Processing file C:\Users\lufin\Documents\Aulas\2526-SI\CS\git\WebGoat\src\main\java\org\owasp\webgoat\lessons\httpproxies\HttpProxies.java
[2025-10-24 17:30:25] [javac-extractor-20644] Processing file C:\Users\lufin\Documents\Aulas\2526-SI\CS\git\WebGoat\src\main\java\org\owasp\webgoat\lessons\idor\IDOR.java
[2025-10-24 17:30:25] [javac-extractor-20644] Processing file C:\Users\lufin\Documents\Aulas\2526-SI\CS\git\WebGoat\src\main\java\org\owasp\webgoat\lessons\idor\IDORDiffAttributes.java
[2025-10-24 17:30:25] [javac-extractor-20644] Processing file C:\Users\lufin\Documents\Aulas\2526-SI\CS\git\WebGoat\src\main\java\org\owasp\webgoat\lessons\idor\IDOREditOtherProfile.java
[2025-10-24 17:30:25] [javac-extractor-20644] Processing file C:\Users\lufin\Documents\Aulas\2526-SI\CS\git\WebGoat\src\main\java\org\owasp\webgoat\lessons\idor\UserProfile.java
[2025-10-24 17:30:25] [javac-extractor-20644] Processing file C:\Users\lufin\Documents\Aulas\2526-SI\CS\git\WebGoat\src\main\java\org\owasp\webgoat\lessons\idor\IDORLogin.java
[2025-10-24 17:30:25] [javac-extractor-20644] Processing file C:\Users\lufin\Documents\Aulas\2526-SI\CS\git\WebGoat\src\main\java\org\owasp\webgoat\lessons\idor\IDORViewOtherProfile.java
[2025-10-24 17:30:25] [javac-extractor-20644] Processing file C:\Users\lufin\Documents\Aulas\2526-SI\CS\git\WebGoat\src\main\java\org\owasp\webgoat\lessons\idor\IDORViewOwnProfile.java
[2025-10-24 17:30:25] [javac-extractor-20644] Processing file C:\Users\lufin\Documents\Aulas\2526-SI\CS\git\WebGoat\src\main\java\org\owasp\webgoat\lessons\idor\IDORViewOwnProfileAltUrl.java
[2025-10-24 17:30:25] [javac-extractor-20644] Processing file C:\Users\lufin\Documents\Aulas\2526-SI\CS\git\WebGoat\src\main\java\org\owasp\webgoat\lessons\insecurelogin\InsecureLogin.java
[2025-10-24 17:30:25] [javac-extractor-20644] Processing file C:\Users\lufin\Documents\Aulas\2526-SI\CS\git\WebGoat\src\main\java\org\owasp\webgoat\lessons\insecurelogin\InsecureLoginTask.java
[2025-10-24 17:30:25] [javac-extractor-20644] Processing file C:\Users\lufin\Documents\Aulas\2526-SI\CS\git\WebGoat\src\main\java\org\owasp\webgoat\lessons\jwt\JWT.java
[2025-10-24 17:30:25] [javac-extractor-20644] Processing file C:\Users\lufin\Documents\Aulas\2526-SI\CS\git\WebGoat\src\main\java\org\owasp\webgoat\lessons\jwt\JWTDecodeEndpoint.java
[2025-10-24 17:30:25] [javac-extractor-20644] Processing file C:\Users\lufin\Documents\Aulas\2526-SI\CS\git\WebGoat\src\main\java\org\owasp\webgoat\lessons\jwt\JWTQuiz.java
[2025-10-24 17:30:25] [javac-extractor-20644] Processing file C:\Users\lufin\Documents\Aulas\2526-SI\CS\git\WebGoat\src\main\java\org\owasp\webgoat\lessons\jwt\JWTRefreshEndpoint.java
[2025-10-24 17:30:25] [javac-extractor-20644] Processing JAR file: C:/Users/lufin/.m2/repository/io/jsonwebtoken/jjwt/0.9.1/jjwt-0.9.1.jar
[2025-10-24 17:30:25] [javac-extractor-20644] Processing file C:\Users\lufin\Documents\Aulas\2526-SI\CS\git\WebGoat\src\main\java\org\owasp\webgoat\lessons\jwt\JWTSecretKeyEndpoint.java
[2025-10-24 17:30:26] [javac-extractor-20644] Processing file C:\Users\lufin\Documents\Aulas\2526-SI\CS\git\WebGoat\src\main\java\org\owasp\webgoat\lessons\jwt\JWTVotesEndpoint.java
[2025-10-24 17:30:26] [javac-extractor-20644] Processing file C:\Users\lufin\Documents\Aulas\2526-SI\CS\git\WebGoat\src\main\java\org\owasp\webgoat\lessons\jwt\votes\Vote.java
[2025-10-24 17:30:26] [javac-extractor-20644] Processing file C:\Users\lufin\Documents\Aulas\2526-SI\CS\git\WebGoat\src\main\java\org\owasp\webgoat\lessons\jwt\claimmisuse\JWTHeaderJKUEndpoint.java
[2025-10-24 17:30:26] [javac-extractor-20644] Processing JAR file: C:/Users/lufin/.m2/repository/com/auth0/jwks-rsa/0.23.0/jwks-rsa-0.23.0.jar
[2025-10-24 17:30:26] [javac-extractor-20644] Processing JAR file: C:/Users/lufin/.m2/repository/com/auth0/java-jwt/4.5.0/java-jwt-4.5.0.jar
[2025-10-24 17:30:26] [javac-extractor-20644] Processing file C:\Users\lufin\Documents\Aulas\2526-SI\CS\git\WebGoat\src\main\java\org\owasp\webgoat\lessons\jwt\claimmisuse\JWTHeaderKIDEndpoint.java
[2025-10-24 17:30:26] [javac-extractor-20644] Processing file C:\Users\lufin\Documents\Aulas\2526-SI\CS\git\WebGoat\src\main\java\org\owasp\webgoat\lessons\jwt\votes\Views.java
[2025-10-24 17:30:26] [javac-extractor-20644] Processing file C:\Users\lufin\Documents\Aulas\2526-SI\CS\git\WebGoat\src\main\java\org\owasp\webgoat\lessons\lessontemplate\LessonTemplate.java
[2025-10-24 17:30:26] [javac-extractor-20644] Processing file C:\Users\lufin\Documents\Aulas\2526-SI\CS\git\WebGoat\src\main\java\org\owasp\webgoat\lessons\lessontemplate\SampleAttack.java
[2025-10-24 17:30:26] [javac-extractor-20644] Processing file C:\Users\lufin\Documents\Aulas\2526-SI\CS\git\WebGoat\src\main\java\org\owasp\webgoat\lessons\logging\LogBleedingTask.java
[2025-10-24 17:30:26] [javac-extractor-20644] Processing JAR file: C:/Users/lufin/.m2/repository/org/apache/logging/log4j/log4j-api/2.24.3/log4j-api-2.24.3.jar
[2025-10-24 17:30:26] [javac-extractor-20644] Processing file C:\Users\lufin\Documents\Aulas\2526-SI\CS\git\WebGoat\src\main\java\org\owasp\webgoat\lessons\logging\LogSpoofing.java
[2025-10-24 17:30:26] [javac-extractor-20644] Processing file C:\Users\lufin\Documents\Aulas\2526-SI\CS\git\WebGoat\src\main\java\org\owasp\webgoat\lessons\logging\LogSpoofingTask.java
[2025-10-24 17:30:26] [javac-extractor-20644] Processing file C:\Users\lufin\Documents\Aulas\2526-SI\CS\git\WebGoat\src\main\java\org\owasp\webgoat\lessons\missingac\DisplayUser.java
[2025-10-24 17:30:26] [javac-extractor-20644] Processing file C:\Users\lufin\Documents\Aulas\2526-SI\CS\git\WebGoat\src\main\java\org\owasp\webgoat\lessons\missingac\User.java
[2025-10-24 17:30:26] [javac-extractor-20644] Processing file C:\Users\lufin\Documents\Aulas\2526-SI\CS\git\WebGoat\src\main\java\org\owasp\webgoat\lessons\missingac\MissingAccessControlUserRepository.java
[2025-10-24 17:30:26] [javac-extractor-20644] Processing file C:\Users\lufin\Documents\Aulas\2526-SI\CS\git\WebGoat\src\main\java\org\owasp\webgoat\lessons\missingac\MissingFunctionAC.java
[2025-10-24 17:30:26] [javac-extractor-20644] Processing file C:\Users\lufin\Documents\Aulas\2526-SI\CS\git\WebGoat\src\main\java\org\owasp\webgoat\lessons\missingac\MissingFunctionACHiddenMenus.java
[2025-10-24 17:30:26] [javac-extractor-20644] Processing file C:\Users\lufin\Documents\Aulas\2526-SI\CS\git\WebGoat\src\main\java\org\owasp\webgoat\lessons\missingac\MissingFunctionACUsers.java
[2025-10-24 17:30:26] [javac-extractor-20644] Processing file C:\Users\lufin\Documents\Aulas\2526-SI\CS\git\WebGoat\src\main\java\org\owasp\webgoat\lessons\missingac\MissingFunctionACYourHash.java
[2025-10-24 17:30:26] [javac-extractor-20644] Processing file C:\Users\lufin\Documents\Aulas\2526-SI\CS\git\WebGoat\src\main\java\org\owasp\webgoat\lessons\missingac\MissingFunctionACYourHashAdmin.java
[2025-10-24 17:30:26] [javac-extractor-20644] Processing file C:\Users\lufin\Documents\Aulas\2526-SI\CS\git\WebGoat\src\main\java\org\owasp\webgoat\lessons\openredirect\OpenRedirect.java
[2025-10-24 17:30:26] [javac-extractor-20644] Processing file C:\Users\lufin\Documents\Aulas\2526-SI\CS\git\WebGoat\src\main\java\org\owasp\webgoat\lessons\openredirect\OpenRedirectMitigationCheck.java
[2025-10-24 17:30:26] [javac-extractor-20644] Processing file C:\Users\lufin\Documents\Aulas\2526-SI\CS\git\WebGoat\src\main\java\org\owasp\webgoat\lessons\openredirect\OpenRedirectQuiz.java
[2025-10-24 17:30:26] [javac-extractor-20644] Processing file C:\Users\lufin\Documents\Aulas\2526-SI\CS\git\WebGoat\src\main\java\org\owasp\webgoat\lessons\openredirect\OpenRedirectRealRedirect.java
[2025-10-24 17:30:26] [javac-extractor-20644] Processing file C:\Users\lufin\Documents\Aulas\2526-SI\CS\git\WebGoat\src\main\java\org\owasp\webgoat\lessons\openredirect\OpenRedirectSecureController.java
[2025-10-24 17:30:26] [javac-extractor-20644] Processing file C:\Users\lufin\Documents\Aulas\2526-SI\CS\git\WebGoat\src\main\java\org\owasp\webgoat\lessons\openredirect\OpenRedirectTask1.java
[2025-10-24 17:30:26] [javac-extractor-20644] Processing file C:\Users\lufin\Documents\Aulas\2526-SI\CS\git\WebGoat\src\main\java\org\owasp\webgoat\lessons\openredirect\OpenRedirectTask2.java
[2025-10-24 17:30:26] [javac-extractor-20644] Processing file C:\Users\lufin\Documents\Aulas\2526-SI\CS\git\WebGoat\src\main\java\org\owasp\webgoat\lessons\openredirect\OpenRedirectTask3.java
[2025-10-24 17:30:27] [javac-extractor-20644] Processing file C:\Users\lufin\Documents\Aulas\2526-SI\CS\git\WebGoat\src\main\java\org\owasp\webgoat\lessons\openredirect\OpenRedirectTask4.java
[2025-10-24 17:30:27] [javac-extractor-20644] Processing file C:\Users\lufin\Documents\Aulas\2526-SI\CS\git\WebGoat\src\main\java\org\owasp\webgoat\lessons\passwordreset\PasswordReset.java
[2025-10-24 17:30:27] [javac-extractor-20644] Processing file C:\Users\lufin\Documents\Aulas\2526-SI\CS\git\WebGoat\src\main\java\org\owasp\webgoat\lessons\passwordreset\PasswordResetEmail.java
[2025-10-24 17:30:27] [javac-extractor-20644] Processing file C:\Users\lufin\Documents\Aulas\2526-SI\CS\git\WebGoat\src\main\java\org\owasp\webgoat\lessons\passwordreset\QuestionsAssignment.java
[2025-10-24 17:30:27] [javac-extractor-20644] Processing file C:\Users\lufin\Documents\Aulas\2526-SI\CS\git\WebGoat\src\main\java\org\owasp\webgoat\lessons\passwordreset\ResetLinkAssignment.java
[2025-10-24 17:30:27] [javac-extractor-20644] Processing file C:\Users\lufin\Documents\Aulas\2526-SI\CS\git\WebGoat\src\main\java\org\owasp\webgoat\lessons\passwordreset\resetlink\PasswordChangeForm.java
[2025-10-24 17:30:27] [javac-extractor-20644] Processing file C:\Users\lufin\Documents\Aulas\2526-SI\CS\git\WebGoat\src\main\java\org\owasp\webgoat\lessons\passwordreset\ResetLinkAssignmentForgotPassword.java
[2025-10-24 17:30:27] [javac-extractor-20644] Processing file C:\Users\lufin\Documents\Aulas\2526-SI\CS\git\WebGoat\src\main\java\org\owasp\webgoat\lessons\passwordreset\SecurityQuestionAssignment.java
[2025-10-24 17:30:27] [javac-extractor-20644] Processing file C:\Users\lufin\Documents\Aulas\2526-SI\CS\git\WebGoat\src\main\java\org\owasp\webgoat\lessons\passwordreset\TriedQuestions.java
[2025-10-24 17:30:27] [javac-extractor-20644] Processing file C:\Users\lufin\Documents\Aulas\2526-SI\CS\git\WebGoat\src\main\java\org\owasp\webgoat\lessons\passwordreset\SimpleMailAssignment.java
[2025-10-24 17:30:27] [javac-extractor-20644] Processing file C:\Users\lufin\Documents\Aulas\2526-SI\CS\git\WebGoat\src\main\java\org\owasp\webgoat\lessons\pathtraversal\PathTraversal.java
[2025-10-24 17:30:27] [javac-extractor-20644] Processing file C:\Users\lufin\Documents\Aulas\2526-SI\CS\git\WebGoat\src\main\java\org\owasp\webgoat\lessons\pathtraversal\ProfileUpload.java
[2025-10-24 17:30:27] [javac-extractor-20644] Processing file C:\Users\lufin\Documents\Aulas\2526-SI\CS\git\WebGoat\src\main\java\org\owasp\webgoat\lessons\pathtraversal\ProfileUploadBase.java
[2025-10-24 17:30:27] [javac-extractor-20644] Processing JAR file: C:/Users/lufin/.m2/repository/commons-io/commons-io/2.20.0/commons-io-2.20.0.jar
[2025-10-24 17:30:27] [javac-extractor-20644] Processing file C:\Users\lufin\Documents\Aulas\2526-SI\CS\git\WebGoat\src\main\java\org\owasp\webgoat\lessons\pathtraversal\ProfileUploadFix.java
[2025-10-24 17:30:27] [javac-extractor-20644] Processing file C:\Users\lufin\Documents\Aulas\2526-SI\CS\git\WebGoat\src\main\java\org\owasp\webgoat\lessons\pathtraversal\ProfileUploadRemoveUserInput.java
[2025-10-24 17:30:27] [javac-extractor-20644] Processing file C:\Users\lufin\Documents\Aulas\2526-SI\CS\git\WebGoat\src\main\java\org\owasp\webgoat\lessons\pathtraversal\ProfileUploadRetrieval.java
[2025-10-24 17:30:28] [javac-extractor-20644] Processing file C:\Users\lufin\Documents\Aulas\2526-SI\CS\git\WebGoat\src\main\java\org\owasp\webgoat\lessons\pathtraversal\ProfileZipSlip.java
[2025-10-24 17:30:28] [javac-extractor-20644] Processing file C:\Users\lufin\Documents\Aulas\2526-SI\CS\git\WebGoat\src\main\java\org\owasp\webgoat\lessons\securepasswords\SecurePasswords.java
[2025-10-24 17:30:28] [javac-extractor-20644] Processing file C:\Users\lufin\Documents\Aulas\2526-SI\CS\git\WebGoat\src\main\java\org\owasp\webgoat\lessons\securepasswords\SecurePasswordsAssignment.java
[2025-10-24 17:30:28] [javac-extractor-20644] Processing JAR file: C:/Users/lufin/.m2/repository/com/nulab-inc/zxcvbn/1.9.0/zxcvbn-1.9.0.jar
[2025-10-24 17:30:28] [javac-extractor-20644] Processing file C:\Users\lufin\Documents\Aulas\2526-SI\CS\git\WebGoat\src\main\java\org\owasp\webgoat\lessons\securitymisconfiguration\ActuatorExposureTask.java
[2025-10-24 17:30:28] [javac-extractor-20644] Processing file C:\Users\lufin\Documents\Aulas\2526-SI\CS\git\WebGoat\src\main\java\org\owasp\webgoat\lessons\securitymisconfiguration\ConfigHardeningTask.java
[2025-10-24 17:30:28] [javac-extractor-20644] Processing file C:\Users\lufin\Documents\Aulas\2526-SI\CS\git\WebGoat\src\main\java\org\owasp\webgoat\lessons\securitymisconfiguration\DefaultCredentialsTask.java
[2025-10-24 17:30:28] [javac-extractor-20644] Processing file C:\Users\lufin\Documents\Aulas\2526-SI\CS\git\WebGoat\src\main\java\org\owasp\webgoat\lessons\securitymisconfiguration\SecurityMisconfiguration.java
[2025-10-24 17:30:28] [javac-extractor-20644] Processing file C:\Users\lufin\Documents\Aulas\2526-SI\CS\git\WebGoat\src\main\java\org\owasp\webgoat\lessons\securitymisconfiguration\VerboseErrorTask.java
[2025-10-24 17:30:28] [javac-extractor-20644] Processing file C:\Users\lufin\Documents\Aulas\2526-SI\CS\git\WebGoat\src\main\java\org\owasp\webgoat\lessons\spoofcookie\SpoofCookie.java
[2025-10-24 17:30:28] [javac-extractor-20644] Processing file C:\Users\lufin\Documents\Aulas\2526-SI\CS\git\WebGoat\src\main\java\org\owasp\webgoat\lessons\spoofcookie\SpoofCookieAssignment.java
[2025-10-24 17:30:28] [javac-extractor-20644] Processing file C:\Users\lufin\Documents\Aulas\2526-SI\CS\git\WebGoat\src\main\java\org\owasp\webgoat\lessons\spoofcookie\encoders\EncDec.java
[2025-10-24 17:30:28] [javac-extractor-20644] Processing file C:\Users\lufin\Documents\Aulas\2526-SI\CS\git\WebGoat\src\main\java\org\owasp\webgoat\lessons\sqlinjection\advanced\SqlInjectionAdvanced.java
[2025-10-24 17:30:28] [javac-extractor-20644] Processing file C:\Users\lufin\Documents\Aulas\2526-SI\CS\git\WebGoat\src\main\java\org\owasp\webgoat\lessons\sqlinjection\advanced\SqlInjectionChallenge.java
[2025-10-24 17:30:28] [javac-extractor-20644] Processing file C:\Users\lufin\Documents\Aulas\2526-SI\CS\git\WebGoat\src\main\java\org\owasp\webgoat\lessons\sqlinjection\advanced\SqlInjectionChallengeLogin.java
[2025-10-24 17:30:28] [javac-extractor-20644] Processing file C:\Users\lufin\Documents\Aulas\2526-SI\CS\git\WebGoat\src\main\java\org\owasp\webgoat\lessons\sqlinjection\advanced\SqlInjectionLesson6a.java
[2025-10-24 17:30:28] [javac-extractor-20644] Processing file C:\Users\lufin\Documents\Aulas\2526-SI\CS\git\WebGoat\src\main\java\org\owasp\webgoat\lessons\sqlinjection\advanced\SqlInjectionLesson6b.java
[2025-10-24 17:30:28] [javac-extractor-20644] Processing file C:\Users\lufin\Documents\Aulas\2526-SI\CS\git\WebGoat\src\main\java\org\owasp\webgoat\lessons\sqlinjection\advanced\SqlInjectionQuiz.java
[2025-10-24 17:30:28] [javac-extractor-20644] Processing file C:\Users\lufin\Documents\Aulas\2526-SI\CS\git\WebGoat\src\main\java\org\owasp\webgoat\lessons\sqlinjection\introduction\SqlInjection.java
[2025-10-24 17:30:28] [javac-extractor-20644] Processing file C:\Users\lufin\Documents\Aulas\2526-SI\CS\git\WebGoat\src\main\java\org\owasp\webgoat\lessons\sqlinjection\introduction\SqlInjectionLesson10.java
[2025-10-24 17:30:28] [javac-extractor-20644] Processing file C:\Users\lufin\Documents\Aulas\2526-SI\CS\git\WebGoat\src\main\java\org\owasp\webgoat\lessons\sqlinjection\introduction\SqlInjectionLesson2.java
[2025-10-24 17:30:28] [javac-extractor-20644] Processing file C:\Users\lufin\Documents\Aulas\2526-SI\CS\git\WebGoat\src\main\java\org\owasp\webgoat\lessons\sqlinjection\introduction\SqlInjectionLesson3.java
[2025-10-24 17:30:28] [javac-extractor-20644] Processing file C:\Users\lufin\Documents\Aulas\2526-SI\CS\git\WebGoat\src\main\java\org\owasp\webgoat\lessons\sqlinjection\introduction\SqlInjectionLesson4.java
[2025-10-24 17:30:28] [javac-extractor-20644] Processing file C:\Users\lufin\Documents\Aulas\2526-SI\CS\git\WebGoat\src\main\java\org\owasp\webgoat\lessons\sqlinjection\introduction\SqlInjectionLesson5.java
[2025-10-24 17:30:28] [javac-extractor-20644] Processing file C:\Users\lufin\Documents\Aulas\2526-SI\CS\git\WebGoat\src\main\java\org\owasp\webgoat\lessons\sqlinjection\introduction\SqlInjectionLesson5a.java
[2025-10-24 17:30:28] [javac-extractor-20644] Processing file C:\Users\lufin\Documents\Aulas\2526-SI\CS\git\WebGoat\src\main\java\org\owasp\webgoat\lessons\sqlinjection\introduction\SqlInjectionLesson5b.java
[2025-10-24 17:30:28] [javac-extractor-20644] Processing file C:\Users\lufin\Documents\Aulas\2526-SI\CS\git\WebGoat\src\main\java\org\owasp\webgoat\lessons\sqlinjection\introduction\SqlInjectionLesson8.java
[2025-10-24 17:30:28] [javac-extractor-20644] Processing file C:\Users\lufin\Documents\Aulas\2526-SI\CS\git\WebGoat\src\main\java\org\owasp\webgoat\lessons\sqlinjection\introduction\SqlInjectionLesson9.java
[2025-10-24 17:30:30] [javac-extractor-20644] Processing JAR file: C:/Users/lufin/.m2/repository/org/hsqldb/hsqldb/2.7.3/hsqldb-2.7.3.jar
[2025-10-24 17:30:30] [javac-extractor-20644] Processing file C:\Users\lufin\Documents\Aulas\2526-SI\CS\git\WebGoat\src\main\java\org\owasp\webgoat\lessons\sqlinjection\mitigation\Servers.java
[2025-10-24 17:30:30] [javac-extractor-20644] Processing file C:\Users\lufin\Documents\Aulas\2526-SI\CS\git\WebGoat\src\main\java\org\owasp\webgoat\lessons\sqlinjection\mitigation\SqlInjectionLesson10a.java
[2025-10-24 17:30:30] [javac-extractor-20644] Processing file C:\Users\lufin\Documents\Aulas\2526-SI\CS\git\WebGoat\src\main\java\org\owasp\webgoat\lessons\sqlinjection\mitigation\SqlInjectionLesson10b.java
[2025-10-24 17:30:30] [javac-extractor-20644] Processing file C:\Users\lufin\Documents\Aulas\2526-SI\CS\git\WebGoat\src\main\java\org\owasp\webgoat\lessons\sqlinjection\mitigation\SqlInjectionLesson13.java
[2025-10-24 17:30:30] [javac-extractor-20644] Processing file C:\Users\lufin\Documents\Aulas\2526-SI\CS\git\WebGoat\src\main\java\org\owasp\webgoat\lessons\sqlinjection\mitigation\SqlInjectionMitigations.java
[2025-10-24 17:30:30] [javac-extractor-20644] Processing file C:\Users\lufin\Documents\Aulas\2526-SI\CS\git\WebGoat\src\main\java\org\owasp\webgoat\lessons\sqlinjection\mitigation\SqlOnlyInputValidation.java
[2025-10-24 17:30:30] [javac-extractor-20644] Processing file C:\Users\lufin\Documents\Aulas\2526-SI\CS\git\WebGoat\src\main\java\org\owasp\webgoat\lessons\sqlinjection\mitigation\SqlOnlyInputValidationOnKeywords.java
[2025-10-24 17:30:30] [javac-extractor-20644] Processing file C:\Users\lufin\Documents\Aulas\2526-SI\CS\git\WebGoat\src\main\java\org\owasp\webgoat\lessons\ssrf\SSRF.java
[2025-10-24 17:30:30] [javac-extractor-20644] Processing file C:\Users\lufin\Documents\Aulas\2526-SI\CS\git\WebGoat\src\main\java\org\owasp\webgoat\lessons\ssrf\SSRFTask1.java
[2025-10-24 17:30:30] [javac-extractor-20644] Processing file C:\Users\lufin\Documents\Aulas\2526-SI\CS\git\WebGoat\src\main\java\org\owasp\webgoat\lessons\ssrf\SSRFTask2.java
[2025-10-24 17:30:30] [javac-extractor-20644] Processing file C:\Users\lufin\Documents\Aulas\2526-SI\CS\git\WebGoat\src\main\java\org\owasp\webgoat\lessons\vulnerablecomponents\Contact.java
[2025-10-24 17:30:30] [javac-extractor-20644] Processing file C:\Users\lufin\Documents\Aulas\2526-SI\CS\git\WebGoat\src\main\java\org\owasp\webgoat\lessons\vulnerablecomponents\ContactImpl.java
[2025-10-24 17:30:30] [javac-extractor-20644] Processing file C:\Users\lufin\Documents\Aulas\2526-SI\CS\git\WebGoat\src\main\java\org\owasp\webgoat\lessons\vulnerablecomponents\VulnerableComponents.java
[2025-10-24 17:30:30] [javac-extractor-20644] Processing file C:\Users\lufin\Documents\Aulas\2526-SI\CS\git\WebGoat\src\main\java\org\owasp\webgoat\lessons\vulnerablecomponents\VulnerableComponentsLesson.java
[2025-10-24 17:30:30] [javac-extractor-20644] Processing JAR file: C:/Users/lufin/.m2/repository/com/thoughtworks/xstream/xstream/1.4.5/xstream-1.4.5.jar
[2025-10-24 17:30:30] [javac-extractor-20644] Processing file C:\Users\lufin\Documents\Aulas\2526-SI\CS\git\WebGoat\src\main\java\org\owasp\webgoat\lessons\webgoatintroduction\WebGoatIntroduction.java
[2025-10-24 17:30:30] [javac-extractor-20644] Processing file C:\Users\lufin\Documents\Aulas\2526-SI\CS\git\WebGoat\src\main\java\org\owasp\webgoat\lessons\webwolfintroduction\Email.java
[2025-10-24 17:30:30] [javac-extractor-20644] Processing file C:\Users\lufin\Documents\Aulas\2526-SI\CS\git\WebGoat\src\main\java\org\owasp\webgoat\lessons\webwolfintroduction\LandingAssignment.java
[2025-10-24 17:30:30] [javac-extractor-20644] Processing file C:\Users\lufin\Documents\Aulas\2526-SI\CS\git\WebGoat\src\main\java\org\owasp\webgoat\lessons\webwolfintroduction\MailAssignment.java
[2025-10-24 17:30:30] [javac-extractor-20644] Processing file C:\Users\lufin\Documents\Aulas\2526-SI\CS\git\WebGoat\src\main\java\org\owasp\webgoat\lessons\webwolfintroduction\WebWolfIntroduction.java
[2025-10-24 17:30:30] [javac-extractor-20644] Processing file C:\Users\lufin\Documents\Aulas\2526-SI\CS\git\WebGoat\src\main\java\org\owasp\webgoat\lessons\xss\Comment.java
[2025-10-24 17:30:30] [javac-extractor-20644] Processing file C:\Users\lufin\Documents\Aulas\2526-SI\CS\git\WebGoat\src\main\java\org\owasp\webgoat\lessons\xss\CrossSiteScripting.java
[2025-10-24 17:30:30] [javac-extractor-20644] Processing file C:\Users\lufin\Documents\Aulas\2526-SI\CS\git\WebGoat\src\main\java\org\owasp\webgoat\lessons\xss\CrossSiteScriptingLesson1.java
[2025-10-24 17:30:30] [javac-extractor-20644] Processing file C:\Users\lufin\Documents\Aulas\2526-SI\CS\git\WebGoat\src\main\java\org\owasp\webgoat\lessons\xss\CrossSiteScriptingLesson5a.java
[2025-10-24 17:30:31] [javac-extractor-20644] Processing file C:\Users\lufin\Documents\Aulas\2526-SI\CS\git\WebGoat\src\main\java\org\owasp\webgoat\lessons\xss\CrossSiteScriptingLesson6a.java
[2025-10-24 17:30:31] [javac-extractor-20644] Processing file C:\Users\lufin\Documents\Aulas\2526-SI\CS\git\WebGoat\src\main\java\org\owasp\webgoat\lessons\xss\CrossSiteScriptingQuiz.java
[2025-10-24 17:30:31] [javac-extractor-20644] Processing file C:\Users\lufin\Documents\Aulas\2526-SI\CS\git\WebGoat\src\main\java\org\owasp\webgoat\lessons\xss\DOMCrossSiteScripting.java
[2025-10-24 17:30:31] [javac-extractor-20644] Processing file C:\Users\lufin\Documents\Aulas\2526-SI\CS\git\WebGoat\src\main\java\org\owasp\webgoat\lessons\xss\DOMCrossSiteScriptingVerifier.java
[2025-10-24 17:30:31] [javac-extractor-20644] Processing file C:\Users\lufin\Documents\Aulas\2526-SI\CS\git\WebGoat\src\main\java\org\owasp\webgoat\lessons\xss\mitigation\CrossSiteScriptingLesson3.java
[2025-10-24 17:30:31] [javac-extractor-20644] Processing JAR file: C:/Users/lufin/.m2/repository/org/jsoup/jsoup/1.19.1/jsoup-1.19.1.jar
[2025-10-24 17:30:31] [javac-extractor-20644] Processing file C:\Users\lufin\Documents\Aulas\2526-SI\CS\git\WebGoat\src\main\java\org\owasp\webgoat\lessons\xss\mitigation\CrossSiteScriptingLesson4.java
[2025-10-24 17:30:31] [javac-extractor-20644] Processing file C:\Users\lufin\Documents\Aulas\2526-SI\CS\git\WebGoat\src\main\java\org\owasp\webgoat\lessons\xss\mitigation\CrossSiteScriptingMitigation.java
[2025-10-24 17:30:31] [javac-extractor-20644] Processing file C:\Users\lufin\Documents\Aulas\2526-SI\CS\git\WebGoat\src\main\java\org\owasp\webgoat\lessons\xss\stored\CrossSiteScriptingStored.java
[2025-10-24 17:30:31] [javac-extractor-20644] Processing file C:\Users\lufin\Documents\Aulas\2526-SI\CS\git\WebGoat\src\main\java\org\owasp\webgoat\lessons\xss\stored\StoredCrossSiteScriptingVerifier.java
[2025-10-24 17:30:31] [javac-extractor-20644] Processing file C:\Users\lufin\Documents\Aulas\2526-SI\CS\git\WebGoat\src\main\java\org\owasp\webgoat\lessons\xss\stored\StoredXssComments.java
[2025-10-24 17:30:31] [javac-extractor-20644] Processing file C:\Users\lufin\Documents\Aulas\2526-SI\CS\git\WebGoat\src\main\java\org\owasp\webgoat\lessons\xxe\BlindSendFileAssignment.java
[2025-10-24 17:30:31] [javac-extractor-20644] Processing JAR file: C:/Users/lufin/.m2/repository/jakarta/xml/bind/jakarta.xml.bind-api/4.0.2/jakarta.xml.bind-api-4.0.2.jar
[2025-10-24 17:30:31] [javac-extractor-20644] Processing file C:\Users\lufin\Documents\Aulas\2526-SI\CS\git\WebGoat\src\main\java\org\owasp\webgoat\lessons\xxe\CommentsCache.java
[2025-10-24 17:30:32] [javac-extractor-20644] Processing JAR file: C:/Users/lufin/.m2/repository/jakarta/activation/jakarta.activation-api/2.1.4/jakarta.activation-api-2.1.4.jar
[2025-10-24 17:30:32] [javac-extractor-20644] Processing file C:\Users\lufin\Documents\Aulas\2526-SI\CS\git\WebGoat\src\main\java\org\owasp\webgoat\lessons\xxe\Comment.java
[2025-10-24 17:30:32] [javac-extractor-20644] Processing file C:\Users\lufin\Documents\Aulas\2526-SI\CS\git\WebGoat\src\main\java\org\owasp\webgoat\lessons\xxe\CommentsEndpoint.java
[2025-10-24 17:30:32] [javac-extractor-20644] Processing file C:\Users\lufin\Documents\Aulas\2526-SI\CS\git\WebGoat\src\main\java\org\owasp\webgoat\lessons\xxe\ContentTypeAssignment.java
[2025-10-24 17:30:32] [javac-extractor-20644] Processing JAR file: C:/Users/lufin/.m2/repository/org/apache/commons/commons-exec/1.5.0/commons-exec-1.5.0.jar
[2025-10-24 17:30:32] [javac-extractor-20644] Processing file C:\Users\lufin\Documents\Aulas\2526-SI\CS\git\WebGoat\src\main\java\org\owasp\webgoat\lessons\xxe\Ping.java
[2025-10-24 17:30:32] [javac-extractor-20644] Processing file C:\Users\lufin\Documents\Aulas\2526-SI\CS\git\WebGoat\src\main\java\org\owasp\webgoat\lessons\xxe\SimpleXXE.java
[2025-10-24 17:30:32] [javac-extractor-20644] Processing file C:\Users\lufin\Documents\Aulas\2526-SI\CS\git\WebGoat\src\main\java\org\owasp\webgoat\lessons\xxe\User.java
[2025-10-24 17:30:32] [javac-extractor-20644] Processing file C:\Users\lufin\Documents\Aulas\2526-SI\CS\git\WebGoat\src\main\java\org\owasp\webgoat\lessons\xxe\XXE.java
[2025-10-24 17:30:32] [javac-extractor-20644] Processing file C:\Users\lufin\Documents\Aulas\2526-SI\CS\git\WebGoat\src\main\java\org\owasp\webgoat\server\ParentConfig.java
[2025-10-24 17:30:32] [javac-extractor-20644] Processing file C:\Users\lufin\Documents\Aulas\2526-SI\CS\git\WebGoat\src\main\java\org\owasp\webgoat\server\StartWebGoat.java
[2025-10-24 17:30:32] [javac-extractor-20644] Processing JAR file: C:/Users/lufin/.m2/repository/org/springframework/boot/spring-boot-actuator/3.5.6/spring-boot-actuator-3.5.6.jar
[2025-10-24 17:30:32] [javac-extractor-20644] Processing file C:\Users\lufin\Documents\Aulas\2526-SI\CS\git\WebGoat\src\main\java\org\owasp\webgoat\webwolf\FileServer.java
[2025-10-24 17:30:32] [javac-extractor-20644] Processing file C:\Users\lufin\Documents\Aulas\2526-SI\CS\git\WebGoat\src\main\java\org\owasp\webgoat\webwolf\MvcConfiguration.java
[2025-10-24 17:30:32] [javac-extractor-20644] Processing file C:\Users\lufin\Documents\Aulas\2526-SI\CS\git\WebGoat\src\main\java\org\owasp\webgoat\webwolf\WebSecurityConfig.java
[2025-10-24 17:30:32] [javac-extractor-20644] Processing file C:\Users\lufin\Documents\Aulas\2526-SI\CS\git\WebGoat\src\main\java\org\owasp\webgoat\webwolf\user\UserService.java
[2025-10-24 17:30:32] [javac-extractor-20644] Processing file C:\Users\lufin\Documents\Aulas\2526-SI\CS\git\WebGoat\src\main\java\org\owasp\webgoat\webwolf\user\UserRepository.java
[2025-10-24 17:30:32] [javac-extractor-20644] Processing file C:\Users\lufin\Documents\Aulas\2526-SI\CS\git\WebGoat\src\main\java\org\owasp\webgoat\webwolf\user\WebWolfUser.java
[2025-10-24 17:30:32] [javac-extractor-20644] Processing file C:\Users\lufin\Documents\Aulas\2526-SI\CS\git\WebGoat\src\main\java\org\owasp\webgoat\webwolf\WebWolf.java
[2025-10-24 17:30:32] [javac-extractor-20644] Processing file C:\Users\lufin\Documents\Aulas\2526-SI\CS\git\WebGoat\src\main\java\org\owasp\webgoat\webwolf\jwt\JWTController.java
[2025-10-24 17:30:32] [javac-extractor-20644] Processing file C:\Users\lufin\Documents\Aulas\2526-SI\CS\git\WebGoat\src\main\java\org\owasp\webgoat\webwolf\jwt\JWTToken.java
[2025-10-24 17:30:33] [javac-extractor-20644] Processing JAR file: C:/Users/lufin/.m2/repository/org/bitbucket/b_c/jose4j/0.9.3/jose4j-0.9.3.jar
[2025-10-24 17:30:33] [javac-extractor-20644] Processing file C:\Users\lufin\Documents\Aulas\2526-SI\CS\git\WebGoat\src\main\java\org\owasp\webgoat\webwolf\mailbox\Email.java
[2025-10-24 17:30:33] [javac-extractor-20644] Processing file C:\Users\lufin\Documents\Aulas\2526-SI\CS\git\WebGoat\src\main\java\org\owasp\webgoat\webwolf\mailbox\MailboxController.java
[2025-10-24 17:30:33] [javac-extractor-20644] Processing file C:\Users\lufin\Documents\Aulas\2526-SI\CS\git\WebGoat\src\main\java\org\owasp\webgoat\webwolf\mailbox\MailboxRepository.java
[2025-10-24 17:30:33] [javac-extractor-20644] Processing file C:\Users\lufin\Documents\Aulas\2526-SI\CS\git\WebGoat\src\main\java\org\owasp\webgoat\webwolf\requests\LandingPage.java
[2025-10-24 17:30:33] [javac-extractor-20644] Processing file C:\Users\lufin\Documents\Aulas\2526-SI\CS\git\WebGoat\src\main\java\org\owasp\webgoat\webwolf\requests\Requests.java
[2025-10-24 17:30:33] [javac-extractor-20644] Processing file C:\Users\lufin\Documents\Aulas\2526-SI\CS\git\WebGoat\src\main\java\org\owasp\webgoat\webwolf\requests\WebWolfTraceRepository.java
[2025-10-24 17:30:33] [javac-extractor-20644] Javac init time: 5,7s
[2025-10-24 17:30:33] [javac-extractor-20644] Javac attr time: 0,7s
[2025-10-24 17:30:33] [javac-extractor-20644] Extractor time: 30,9s
[2025-10-24 17:30:33] [javac-extractor-20644] Other time: 0,5s
[2025-10-24 17:30:33] [javac-extractor-20644] Total time: 37,8s
